{"/Users/sebastianbarciazirilli/Documents/No Country/KAIPET/C8-G24-javareact/frontend/src/App.jsx": {"path":"/Users/sebastianbarciazirilli/Documents/No Country/KAIPET/C8-G24-javareact/frontend/src/App.jsx","statementMap":{"0":{"start":{"line":43,"column":2},"end":{"line":104,"column":4}}},"fnMap":{"0":{"name":"App","decl":{"start":{"line":31,"column":9},"end":{"line":31,"column":12}},"loc":{"start":{"line":31,"column":15},"end":{"line":105,"column":1}},"line":31}},"branchMap":{},"s":{"0":2},"f":{"0":2},"b":{},"_coverageSchema":"1a1c01bbd47fc00a2c39e90264f33305004495a9","hash":"ba68411ef366af00e79bd9226a1a2994640773f6"}
,"/Users/sebastianbarciazirilli/Documents/No Country/KAIPET/C8-G24-javareact/frontend/src/main.jsx": {"path":"/Users/sebastianbarciazirilli/Documents/No Country/KAIPET/C8-G24-javareact/frontend/src/main.jsx","statementMap":{"0":{"start":{"line":6,"column":0},"end":{"line":10,"column":2}}},"fnMap":{},"branchMap":{},"s":{"0":0},"f":{},"b":{}}
,"/Users/sebastianbarciazirilli/Documents/No Country/KAIPET/C8-G24-javareact/frontend/src/assets/helpers/Images.jsx": {"path":"/Users/sebastianbarciazirilli/Documents/No Country/KAIPET/C8-G24-javareact/frontend/src/assets/helpers/Images.jsx","statementMap":{"0":{"start":{"line":3,"column":17},"end":{"line":3,"column":267}},"1":{"start":{"line":4,"column":16},"end":{"line":4,"column":266}},"2":{"start":{"line":5,"column":19},"end":{"line":5,"column":271}},"3":{"start":{"line":6,"column":15},"end":{"line":6,"column":267}},"4":{"start":{"line":7,"column":20},"end":{"line":7,"column":280}},"5":{"start":{"line":8,"column":23},"end":{"line":8,"column":283}},"6":{"start":{"line":9,"column":18},"end":{"line":9,"column":272}},"7":{"start":{"line":10,"column":17},"end":{"line":10,"column":271}},"8":{"start":{"line":11,"column":24},"end":{"line":11,"column":271}},"9":{"start":{"line":12,"column":17},"end":{"line":12,"column":266}},"10":{"start":{"line":13,"column":17},"end":{"line":13,"column":257}},"11":{"start":{"line":14,"column":20},"end":{"line":14,"column":269}},"12":{"start":{"line":15,"column":16},"end":{"line":15,"column":260}},"13":{"start":{"line":16,"column":17},"end":{"line":16,"column":272}},"14":{"start":{"line":17,"column":24},"end":{"line":17,"column":286}},"15":{"start":{"line":18,"column":13},"end":{"line":18,"column":267}},"16":{"start":{"line":19,"column":19},"end":{"line":19,"column":276}},"17":{"start":{"line":20,"column":15},"end":{"line":20,"column":176}},"18":{"start":{"line":21,"column":16},"end":{"line":21,"column":188}},"19":{"start":{"line":22,"column":13},"end":{"line":22,"column":180}},"20":{"start":{"line":23,"column":17},"end":{"line":23,"column":190}}},"fnMap":{},"branchMap":{},"s":{"0":1,"1":1,"2":1,"3":1,"4":1,"5":1,"6":1,"7":1,"8":1,"9":1,"10":1,"11":1,"12":1,"13":1,"14":1,"15":1,"16":1,"17":1,"18":1,"19":1,"20":1},"f":{},"b":{},"_coverageSchema":"1a1c01bbd47fc00a2c39e90264f33305004495a9","hash":"0f200f48f6e7615acffb69bbcac2279cdfbaba19"}
,"/Users/sebastianbarciazirilli/Documents/No Country/KAIPET/C8-G24-javareact/frontend/src/utils/firebaseConfig.jsx": {"path":"/Users/sebastianbarciazirilli/Documents/No Country/KAIPET/C8-G24-javareact/frontend/src/utils/firebaseConfig.jsx","statementMap":{"0":{"start":{"line":9,"column":23},"end":{"line":16,"column":1}},"1":{"start":{"line":19,"column":12},"end":{"line":19,"column":41}},"2":{"start":{"line":22,"column":11},"end":{"line":22,"column":28}}},"fnMap":{},"branchMap":{},"s":{"0":1,"1":1,"2":1},"f":{},"b":{},"_coverageSchema":"1a1c01bbd47fc00a2c39e90264f33305004495a9","hash":"c58c597eb1092d1dc853a6b108a3c4a2bcd17511"}
,"/Users/sebastianbarciazirilli/Documents/No Country/KAIPET/C8-G24-javareact/frontend/src/views/Finish.jsx": {"path":"/Users/sebastianbarciazirilli/Documents/No Country/KAIPET/C8-G24-javareact/frontend/src/views/Finish.jsx","statementMap":{"0":{"start":{"line":7,"column":19},"end":{"line":7,"column":32}},"1":{"start":{"line":8,"column":2},"end":{"line":35,"column":4}},"2":{"start":{"line":33,"column":46},"end":{"line":33,"column":59}}},"fnMap":{"0":{"name":"Finish","decl":{"start":{"line":6,"column":9},"end":{"line":6,"column":15}},"loc":{"start":{"line":6,"column":18},"end":{"line":36,"column":1}},"line":6},"1":{"name":"(anonymous_1)","decl":{"start":{"line":33,"column":40},"end":{"line":33,"column":41}},"loc":{"start":{"line":33,"column":46},"end":{"line":33,"column":59}},"line":33}},"branchMap":{},"s":{"0":0,"1":0,"2":0},"f":{"0":0,"1":0},"b":{},"_coverageSchema":"1a1c01bbd47fc00a2c39e90264f33305004495a9","hash":"15e777b3367269840794146d238faf27663fafab"}
,"/Users/sebastianbarciazirilli/Documents/No Country/KAIPET/C8-G24-javareact/frontend/src/views/FormPayment.jsx": {"path":"/Users/sebastianbarciazirilli/Documents/No Country/KAIPET/C8-G24-javareact/frontend/src/views/FormPayment.jsx","statementMap":{"0":{"start":{"line":5,"column":20},"end":{"line":55,"column":1}},"1":{"start":{"line":6,"column":19},"end":{"line":6,"column":32}},"2":{"start":{"line":7,"column":21},"end":{"line":7,"column":69}},"3":{"start":{"line":8,"column":2},"end":{"line":13,"column":9}},"4":{"start":{"line":9,"column":4},"end":{"line":12,"column":13}},"5":{"start":{"line":10,"column":6},"end":{"line":10,"column":36}},"6":{"start":{"line":11,"column":6},"end":{"line":11,"column":29}},"7":{"start":{"line":15,"column":2},"end":{"line":54,"column":4}}},"fnMap":{"0":{"name":"(anonymous_0)","decl":{"start":{"line":5,"column":20},"end":{"line":5,"column":21}},"loc":{"start":{"line":5,"column":26},"end":{"line":55,"column":1}},"line":5},"1":{"name":"(anonymous_1)","decl":{"start":{"line":8,"column":12},"end":{"line":8,"column":13}},"loc":{"start":{"line":8,"column":18},"end":{"line":13,"column":3}},"line":8},"2":{"name":"(anonymous_2)","decl":{"start":{"line":9,"column":15},"end":{"line":9,"column":16}},"loc":{"start":{"line":9,"column":21},"end":{"line":12,"column":5}},"line":9}},"branchMap":{},"s":{"0":1,"1":0,"2":0,"3":0,"4":0,"5":0,"6":0,"7":0},"f":{"0":0,"1":0,"2":0},"b":{},"_coverageSchema":"1a1c01bbd47fc00a2c39e90264f33305004495a9","hash":"8da2c77fe8164b0f120fae1af74ef8540c9a126c"}
,"/Users/sebastianbarciazirilli/Documents/No Country/KAIPET/C8-G24-javareact/frontend/src/views/Services.jsx": {"path":"/Users/sebastianbarciazirilli/Documents/No Country/KAIPET/C8-G24-javareact/frontend/src/views/Services.jsx","statementMap":{"0":{"start":{"line":3,"column":17},"end":{"line":25,"column":1}},"1":{"start":{"line":4,"column":2},"end":{"line":24,"column":4}}},"fnMap":{"0":{"name":"(anonymous_0)","decl":{"start":{"line":3,"column":17},"end":{"line":3,"column":18}},"loc":{"start":{"line":3,"column":23},"end":{"line":25,"column":1}},"line":3}},"branchMap":{},"s":{"0":1,"1":1},"f":{"0":1},"b":{},"_coverageSchema":"1a1c01bbd47fc00a2c39e90264f33305004495a9","hash":"aa339339e75f9e6e575ea28d8ada35b6a16223b3"}
,"/Users/sebastianbarciazirilli/Documents/No Country/KAIPET/C8-G24-javareact/frontend/src/views/AdressProfile/AdressProfile.jsx": {"path":"/Users/sebastianbarciazirilli/Documents/No Country/KAIPET/C8-G24-javareact/frontend/src/views/AdressProfile/AdressProfile.jsx","statementMap":{"0":{"start":{"line":6,"column":22},"end":{"line":49,"column":1}},"1":{"start":{"line":7,"column":21},"end":{"line":7,"column":37}},"2":{"start":{"line":8,"column":57},"end":{"line":8,"column":67}},"3":{"start":{"line":9,"column":40},"end":{"line":9,"column":50}},"4":{"start":{"line":11,"column":2},"end":{"line":22,"column":17}},"5":{"start":{"line":12,"column":4},"end":{"line":21,"column":5}},"6":{"start":{"line":13,"column":6},"end":{"line":17,"column":9}},"7":{"start":{"line":18,"column":6},"end":{"line":18,"column":26}},"8":{"start":{"line":20,"column":6},"end":{"line":20,"column":27}},"9":{"start":{"line":24,"column":2},"end":{"line":48,"column":4}},"10":{"start":{"line":27,"column":8},"end":{"line":45,"column":14}}},"fnMap":{"0":{"name":"(anonymous_0)","decl":{"start":{"line":6,"column":22},"end":{"line":6,"column":23}},"loc":{"start":{"line":6,"column":36},"end":{"line":49,"column":1}},"line":6},"1":{"name":"(anonymous_1)","decl":{"start":{"line":11,"column":12},"end":{"line":11,"column":13}},"loc":{"start":{"line":11,"column":18},"end":{"line":22,"column":3}},"line":11},"2":{"name":"(anonymous_2)","decl":{"start":{"line":26,"column":45},"end":{"line":26,"column":46}},"loc":{"start":{"line":27,"column":8},"end":{"line":45,"column":14}},"line":27}},"branchMap":{"0":{"loc":{"start":{"line":12,"column":4},"end":{"line":21,"column":5}},"type":"if","locations":[{"start":{"line":12,"column":4},"end":{"line":21,"column":5}},{"start":{"line":19,"column":9},"end":{"line":21,"column":5}}],"line":12},"1":{"loc":{"start":{"line":26,"column":7},"end":{"line":46,"column":53}},"type":"cond-expr","locations":[{"start":{"line":26,"column":21},"end":{"line":46,"column":8}},{"start":{"line":46,"column":11},"end":{"line":46,"column":53}}],"line":26}},"s":{"0":1,"1":0,"2":0,"3":0,"4":0,"5":0,"6":0,"7":0,"8":0,"9":0,"10":0},"f":{"0":0,"1":0,"2":0},"b":{"0":[0,0],"1":[0,0]},"_coverageSchema":"1a1c01bbd47fc00a2c39e90264f33305004495a9","hash":"1ad0a7ebce86d0241f37cb668d7aec7bdd70a33b"}
,"/Users/sebastianbarciazirilli/Documents/No Country/KAIPET/C8-G24-javareact/frontend/src/views/Breadcrumb/Breadcrumb.jsx": {"path":"/Users/sebastianbarciazirilli/Documents/No Country/KAIPET/C8-G24-javareact/frontend/src/views/Breadcrumb/Breadcrumb.jsx","statementMap":{"0":{"start":{"line":6,"column":33},"end":{"line":42,"column":1}},"1":{"start":{"line":7,"column":26},"end":{"line":7,"column":36}},"2":{"start":{"line":8,"column":17},"end":{"line":8,"column":30}},"3":{"start":{"line":9,"column":2},"end":{"line":11,"column":9}},"4":{"start":{"line":10,"column":4},"end":{"line":10,"column":31}},"5":{"start":{"line":13,"column":2},"end":{"line":41,"column":4}}},"fnMap":{"0":{"name":"(anonymous_0)","decl":{"start":{"line":6,"column":33},"end":{"line":6,"column":34}},"loc":{"start":{"line":6,"column":39},"end":{"line":42,"column":1}},"line":6},"1":{"name":"(anonymous_1)","decl":{"start":{"line":9,"column":12},"end":{"line":9,"column":13}},"loc":{"start":{"line":9,"column":18},"end":{"line":11,"column":3}},"line":9}},"branchMap":{"0":{"loc":{"start":{"line":18,"column":24},"end":{"line":18,"column":57}},"type":"cond-expr","locations":[{"start":{"line":18,"column":43},"end":{"line":18,"column":52}},{"start":{"line":18,"column":55},"end":{"line":18,"column":57}}],"line":18},"1":{"loc":{"start":{"line":23,"column":24},"end":{"line":23,"column":62}},"type":"cond-expr","locations":[{"start":{"line":23,"column":48},"end":{"line":23,"column":57}},{"start":{"line":23,"column":60},"end":{"line":23,"column":62}}],"line":23},"2":{"loc":{"start":{"line":28,"column":24},"end":{"line":28,"column":75}},"type":"cond-expr","locations":[{"start":{"line":28,"column":61},"end":{"line":28,"column":70}},{"start":{"line":28,"column":73},"end":{"line":28,"column":75}}],"line":28},"3":{"loc":{"start":{"line":35,"column":24},"end":{"line":35,"column":71}},"type":"cond-expr","locations":[{"start":{"line":35,"column":57},"end":{"line":35,"column":66}},{"start":{"line":35,"column":69},"end":{"line":35,"column":71}}],"line":35}},"s":{"0":1,"1":0,"2":0,"3":0,"4":0,"5":0},"f":{"0":0,"1":0},"b":{"0":[0,0],"1":[0,0],"2":[0,0],"3":[0,0]},"_coverageSchema":"1a1c01bbd47fc00a2c39e90264f33305004495a9","hash":"87f38a85d2a7b9e46efbb663c1c9f76efd1e4400"}
,"/Users/sebastianbarciazirilli/Documents/No Country/KAIPET/C8-G24-javareact/frontend/src/views/ButtonsPageNotProducts/ButtonsPageNotProducts.jsx": {"path":"/Users/sebastianbarciazirilli/Documents/No Country/KAIPET/C8-G24-javareact/frontend/src/views/ButtonsPageNotProducts/ButtonsPageNotProducts.jsx","statementMap":{"0":{"start":{"line":5,"column":31},"end":{"line":14,"column":1}},"1":{"start":{"line":6,"column":2},"end":{"line":13,"column":4}}},"fnMap":{"0":{"name":"(anonymous_0)","decl":{"start":{"line":5,"column":31},"end":{"line":5,"column":32}},"loc":{"start":{"line":5,"column":69},"end":{"line":14,"column":1}},"line":5}},"branchMap":{},"s":{"0":2,"1":1},"f":{"0":1},"b":{},"_coverageSchema":"1a1c01bbd47fc00a2c39e90264f33305004495a9","hash":"d15c95ca64af21f70670638f41934945ef3a0e72"}
,"/Users/sebastianbarciazirilli/Documents/No Country/KAIPET/C8-G24-javareact/frontend/src/views/CartList/CartList.jsx": {"path":"/Users/sebastianbarciazirilli/Documents/No Country/KAIPET/C8-G24-javareact/frontend/src/views/CartList/CartList.jsx","statementMap":{"0":{"start":{"line":6,"column":24},"end":{"line":69,"column":1}},"1":{"start":{"line":7,"column":19},"end":{"line":7,"column":32}},"2":{"start":{"line":9,"column":2},"end":{"line":68,"column":4}},"3":{"start":{"line":32,"column":27},"end":{"line":32,"column":52}},"4":{"start":{"line":33,"column":26},"end":{"line":33,"column":48}},"5":{"start":{"line":34,"column":33},"end":{"line":34,"column":65}},"6":{"start":{"line":35,"column":12},"end":{"line":63,"column":14}},"7":{"start":{"line":58,"column":37},"end":{"line":58,"column":55}}},"fnMap":{"0":{"name":"(anonymous_0)","decl":{"start":{"line":6,"column":24},"end":{"line":6,"column":25}},"loc":{"start":{"line":6,"column":56},"end":{"line":69,"column":1}},"line":6},"1":{"name":"(anonymous_1)","decl":{"start":{"line":31,"column":24},"end":{"line":31,"column":25}},"loc":{"start":{"line":31,"column":34},"end":{"line":64,"column":11}},"line":31},"2":{"name":"(anonymous_2)","decl":{"start":{"line":58,"column":31},"end":{"line":58,"column":32}},"loc":{"start":{"line":58,"column":37},"end":{"line":58,"column":55}},"line":58}},"branchMap":{"0":{"loc":{"start":{"line":17,"column":13},"end":{"line":19,"column":24}},"type":"binary-expr","locations":[{"start":{"line":17,"column":14},"end":{"line":17,"column":43}},{"start":{"line":18,"column":14},"end":{"line":18,"column":45}},{"start":{"line":19,"column":14},"end":{"line":19,"column":24}}],"line":17},"1":{"loc":{"start":{"line":24,"column":11},"end":{"line":28,"column":11}},"type":"binary-expr","locations":[{"start":{"line":24,"column":11},"end":{"line":24,"column":40}},{"start":{"line":25,"column":12},"end":{"line":27,"column":29}}],"line":24},"2":{"loc":{"start":{"line":32,"column":27},"end":{"line":32,"column":52}},"type":"binary-expr","locations":[{"start":{"line":32,"column":27},"end":{"line":32,"column":37}},{"start":{"line":32,"column":41},"end":{"line":32,"column":52}}],"line":32},"3":{"loc":{"start":{"line":33,"column":26},"end":{"line":33,"column":48}},"type":"binary-expr","locations":[{"start":{"line":33,"column":26},"end":{"line":33,"column":34}},{"start":{"line":33,"column":38},"end":{"line":33,"column":48}}],"line":33},"4":{"loc":{"start":{"line":34,"column":33},"end":{"line":34,"column":65}},"type":"binary-expr","locations":[{"start":{"line":34,"column":33},"end":{"line":34,"column":45}},{"start":{"line":34,"column":49},"end":{"line":34,"column":65}}],"line":34},"5":{"loc":{"start":{"line":44,"column":17},"end":{"line":48,"column":17}},"type":"binary-expr","locations":[{"start":{"line":44,"column":18},"end":{"line":44,"column":47}},{"start":{"line":44,"column":51},"end":{"line":44,"column":60}},{"start":{"line":45,"column":18},"end":{"line":47,"column":31}}],"line":44},"6":{"loc":{"start":{"line":52,"column":17},"end":{"line":61,"column":17}},"type":"binary-expr","locations":[{"start":{"line":52,"column":17},"end":{"line":52,"column":46}},{"start":{"line":53,"column":18},"end":{"line":60,"column":31}}],"line":52}},"s":{"0":1,"1":0,"2":0,"3":0,"4":0,"5":0,"6":0,"7":0},"f":{"0":0,"1":0,"2":0},"b":{"0":[0,0,0],"1":[0,0],"2":[0,0],"3":[0,0],"4":[0,0],"5":[0,0,0],"6":[0,0]},"_coverageSchema":"1a1c01bbd47fc00a2c39e90264f33305004495a9","hash":"4133985f317f4768ccd6428a323d7eef1cb0a6de"}
,"/Users/sebastianbarciazirilli/Documents/No Country/KAIPET/C8-G24-javareact/frontend/src/views/CartProductsConfirmation/CartProductsConfirmation.jsx": {"path":"/Users/sebastianbarciazirilli/Documents/No Country/KAIPET/C8-G24-javareact/frontend/src/views/CartProductsConfirmation/CartProductsConfirmation.jsx","statementMap":{"0":{"start":{"line":4,"column":33},"end":{"line":50,"column":1}},"1":{"start":{"line":6,"column":2},"end":{"line":49,"column":4}},"2":{"start":{"line":24,"column":8},"end":{"line":45,"column":10}},"3":{"start":{"line":41,"column":31},"end":{"line":41,"column":49}}},"fnMap":{"0":{"name":"(anonymous_0)","decl":{"start":{"line":4,"column":33},"end":{"line":4,"column":34}},"loc":{"start":{"line":4,"column":74},"end":{"line":50,"column":1}},"line":4},"1":{"name":"(anonymous_1)","decl":{"start":{"line":23,"column":16},"end":{"line":23,"column":17}},"loc":{"start":{"line":23,"column":26},"end":{"line":46,"column":7}},"line":23},"2":{"name":"(anonymous_2)","decl":{"start":{"line":41,"column":25},"end":{"line":41,"column":26}},"loc":{"start":{"line":41,"column":31},"end":{"line":41,"column":49}},"line":41}},"branchMap":{},"s":{"0":1,"1":0,"2":0,"3":0},"f":{"0":0,"1":0,"2":0},"b":{},"_coverageSchema":"1a1c01bbd47fc00a2c39e90264f33305004495a9","hash":"021705d55f7e762dd6ad37e5ec69e7c8e6ed9d99"}
,"/Users/sebastianbarciazirilli/Documents/No Country/KAIPET/C8-G24-javareact/frontend/src/views/CategoriesComponents/CardsItem/Card1.jsx": {"path":"/Users/sebastianbarciazirilli/Documents/No Country/KAIPET/C8-G24-javareact/frontend/src/views/CategoriesComponents/CardsItem/Card1.jsx","statementMap":{"0":{"start":{"line":12,"column":14},"end":{"line":202,"column":1}},"1":{"start":{"line":26,"column":26},"end":{"line":26,"column":41}},"2":{"start":{"line":28,"column":36},"end":{"line":28,"column":46}},"3":{"start":{"line":29,"column":16},"end":{"line":29,"column":43}},"4":{"start":{"line":32,"column":34},"end":{"line":32,"column":57}},"5":{"start":{"line":34,"column":4},"end":{"line":34,"column":31}},"6":{"start":{"line":37,"column":23},"end":{"line":52,"column":3}},"7":{"start":{"line":38,"column":15},"end":{"line":38,"column":29}},"8":{"start":{"line":39,"column":19},"end":{"line":39,"column":49}},"9":{"start":{"line":40,"column":20},"end":{"line":40,"column":40}},"10":{"start":{"line":42,"column":23},"end":{"line":42,"column":50}},"11":{"start":{"line":43,"column":4},"end":{"line":43,"column":19}},"12":{"start":{"line":44,"column":4},"end":{"line":51,"column":5}},"13":{"start":{"line":45,"column":6},"end":{"line":50,"column":7}},"14":{"start":{"line":45,"column":19},"end":{"line":45,"column":20}},"15":{"start":{"line":46,"column":8},"end":{"line":49,"column":9}},"16":{"start":{"line":48,"column":10},"end":{"line":48,"column":24}},"17":{"start":{"line":54,"column":21},"end":{"line":58,"column":3}},"18":{"start":{"line":55,"column":15},"end":{"line":55,"column":29}},"19":{"start":{"line":56,"column":21},"end":{"line":56,"column":51}},"20":{"start":{"line":57,"column":4},"end":{"line":57,"column":48}},"21":{"start":{"line":60,"column":2},"end":{"line":70,"column":24}},"22":{"start":{"line":61,"column":4},"end":{"line":66,"column":5}},"23":{"start":{"line":62,"column":6},"end":{"line":62,"column":24}},"24":{"start":{"line":63,"column":6},"end":{"line":63,"column":21}},"25":{"start":{"line":65,"column":6},"end":{"line":65,"column":25}},"26":{"start":{"line":67,"column":4},"end":{"line":69,"column":5}},"27":{"start":{"line":68,"column":6},"end":{"line":68,"column":21}},"28":{"start":{"line":73,"column":21},"end":{"line":131,"column":3}},"29":{"start":{"line":74,"column":4},"end":{"line":74,"column":19}},"30":{"start":{"line":76,"column":4},"end":{"line":78,"column":5}},"31":{"start":{"line":77,"column":5},"end":{"line":77,"column":41}},"32":{"start":{"line":80,"column":26},"end":{"line":80,"column":59}},"33":{"start":{"line":83,"column":15},"end":{"line":83,"column":29}},"34":{"start":{"line":84,"column":19},"end":{"line":84,"column":49}},"35":{"start":{"line":85,"column":20},"end":{"line":85,"column":40}},"36":{"start":{"line":87,"column":28},"end":{"line":87,"column":42}},"37":{"start":{"line":89,"column":4},"end":{"line":129,"column":5}},"38":{"start":{"line":90,"column":39},"end":{"line":90,"column":62}},"39":{"start":{"line":92,"column":6},"end":{"line":105,"column":7}},"40":{"start":{"line":94,"column":8},"end":{"line":94,"column":53}},"41":{"start":{"line":95,"column":8},"end":{"line":95,"column":73}},"42":{"start":{"line":98,"column":22},"end":{"line":100,"column":9}},"43":{"start":{"line":99,"column":24},"end":{"line":99,"column":42}},"44":{"start":{"line":101,"column":8},"end":{"line":104,"column":9}},"45":{"start":{"line":102,"column":10},"end":{"line":102,"column":52}},"46":{"start":{"line":103,"column":10},"end":{"line":103,"column":78}},"47":{"start":{"line":107,"column":6},"end":{"line":107,"column":54}},"48":{"start":{"line":109,"column":6},"end":{"line":109,"column":43}},"49":{"start":{"line":110,"column":11},"end":{"line":129,"column":5}},"50":{"start":{"line":111,"column":6},"end":{"line":111,"column":21}},"51":{"start":{"line":112,"column":23},"end":{"line":112,"column":51}},"52":{"start":{"line":114,"column":6},"end":{"line":124,"column":7}},"53":{"start":{"line":115,"column":8},"end":{"line":115,"column":73}},"54":{"start":{"line":116,"column":8},"end":{"line":116,"column":37}},"55":{"start":{"line":119,"column":8},"end":{"line":119,"column":76}},"56":{"start":{"line":120,"column":22},"end":{"line":120,"column":74}},"57":{"start":{"line":120,"column":55},"end":{"line":120,"column":73}},"58":{"start":{"line":121,"column":8},"end":{"line":123,"column":9}},"59":{"start":{"line":122,"column":10},"end":{"line":122,"column":36}},"60":{"start":{"line":126,"column":6},"end":{"line":126,"column":38}},"61":{"start":{"line":128,"column":6},"end":{"line":128,"column":27}},"62":{"start":{"line":130,"column":4},"end":{"line":130,"column":24}},"63":{"start":{"line":133,"column":2},"end":{"line":201,"column":4}},"64":{"start":{"line":170,"column":12},"end":{"line":195,"column":14}},"65":{"start":{"line":175,"column":18},"end":{"line":184,"column":20}},"66":{"start":{"line":199,"column":179},"end":{"line":199,"column":208}}},"fnMap":{"0":{"name":"(anonymous_0)","decl":{"start":{"line":12,"column":14},"end":{"line":12,"column":15}},"loc":{"start":{"line":23,"column":6},"end":{"line":202,"column":1}},"line":23},"1":{"name":"(anonymous_1)","decl":{"start":{"line":37,"column":23},"end":{"line":37,"column":24}},"loc":{"start":{"line":37,"column":35},"end":{"line":52,"column":3}},"line":37},"2":{"name":"(anonymous_2)","decl":{"start":{"line":54,"column":21},"end":{"line":54,"column":22}},"loc":{"start":{"line":54,"column":31},"end":{"line":58,"column":3}},"line":54},"3":{"name":"(anonymous_3)","decl":{"start":{"line":60,"column":12},"end":{"line":60,"column":13}},"loc":{"start":{"line":60,"column":18},"end":{"line":70,"column":3}},"line":60},"4":{"name":"(anonymous_4)","decl":{"start":{"line":73,"column":21},"end":{"line":73,"column":22}},"loc":{"start":{"line":73,"column":33},"end":{"line":131,"column":3}},"line":73},"5":{"name":"(anonymous_5)","decl":{"start":{"line":99,"column":10},"end":{"line":99,"column":11}},"loc":{"start":{"line":99,"column":24},"end":{"line":99,"column":42}},"line":99},"6":{"name":"(anonymous_6)","decl":{"start":{"line":120,"column":41},"end":{"line":120,"column":42}},"loc":{"start":{"line":120,"column":55},"end":{"line":120,"column":73}},"line":120},"7":{"name":"(anonymous_7)","decl":{"start":{"line":169,"column":25},"end":{"line":169,"column":26}},"loc":{"start":{"line":169,"column":36},"end":{"line":196,"column":11}},"line":169},"8":{"name":"(anonymous_8)","decl":{"start":{"line":174,"column":25},"end":{"line":174,"column":26}},"loc":{"start":{"line":174,"column":31},"end":{"line":185,"column":17}},"line":174},"9":{"name":"(anonymous_9)","decl":{"start":{"line":199,"column":173},"end":{"line":199,"column":174}},"loc":{"start":{"line":199,"column":179},"end":{"line":199,"column":208}},"line":199}},"branchMap":{"0":{"loc":{"start":{"line":44,"column":4},"end":{"line":51,"column":5}},"type":"if","locations":[{"start":{"line":44,"column":4},"end":{"line":51,"column":5}},{"start":{},"end":{}}],"line":44},"1":{"loc":{"start":{"line":46,"column":8},"end":{"line":49,"column":9}},"type":"if","locations":[{"start":{"line":46,"column":8},"end":{"line":49,"column":9}},{"start":{},"end":{}}],"line":46},"2":{"loc":{"start":{"line":61,"column":4},"end":{"line":66,"column":5}},"type":"if","locations":[{"start":{"line":61,"column":4},"end":{"line":66,"column":5}},{"start":{"line":64,"column":11},"end":{"line":66,"column":5}}],"line":61},"3":{"loc":{"start":{"line":67,"column":4},"end":{"line":69,"column":5}},"type":"if","locations":[{"start":{"line":67,"column":4},"end":{"line":69,"column":5}},{"start":{},"end":{}}],"line":67},"4":{"loc":{"start":{"line":76,"column":4},"end":{"line":78,"column":5}},"type":"if","locations":[{"start":{"line":76,"column":4},"end":{"line":78,"column":5}},{"start":{},"end":{}}],"line":76},"5":{"loc":{"start":{"line":89,"column":4},"end":{"line":129,"column":5}},"type":"if","locations":[{"start":{"line":89,"column":4},"end":{"line":129,"column":5}},{"start":{"line":110,"column":11},"end":{"line":129,"column":5}}],"line":89},"6":{"loc":{"start":{"line":92,"column":6},"end":{"line":105,"column":7}},"type":"if","locations":[{"start":{"line":92,"column":6},"end":{"line":105,"column":7}},{"start":{"line":96,"column":13},"end":{"line":105,"column":7}}],"line":92},"7":{"loc":{"start":{"line":101,"column":8},"end":{"line":104,"column":9}},"type":"if","locations":[{"start":{"line":101,"column":8},"end":{"line":104,"column":9}},{"start":{},"end":{}}],"line":101},"8":{"loc":{"start":{"line":110,"column":11},"end":{"line":129,"column":5}},"type":"if","locations":[{"start":{"line":110,"column":11},"end":{"line":129,"column":5}},{"start":{},"end":{}}],"line":110},"9":{"loc":{"start":{"line":114,"column":6},"end":{"line":124,"column":7}},"type":"if","locations":[{"start":{"line":114,"column":6},"end":{"line":124,"column":7}},{"start":{"line":117,"column":13},"end":{"line":124,"column":7}}],"line":114},"10":{"loc":{"start":{"line":121,"column":8},"end":{"line":123,"column":9}},"type":"if","locations":[{"start":{"line":121,"column":8},"end":{"line":123,"column":9}},{"start":{},"end":{}}],"line":121},"11":{"loc":{"start":{"line":141,"column":13},"end":{"line":149,"column":13}},"type":"cond-expr","locations":[{"start":{"line":142,"column":14},"end":{"line":146,"column":16}},{"start":{"line":148,"column":14},"end":{"line":148,"column":77}}],"line":141},"12":{"loc":{"start":{"line":144,"column":21},"end":{"line":144,"column":49}},"type":"cond-expr","locations":[{"start":{"line":144,"column":29},"end":{"line":144,"column":40}},{"start":{"line":144,"column":43},"end":{"line":144,"column":49}}],"line":144}},"s":{"0":1,"1":0,"2":0,"3":0,"4":0,"5":0,"6":0,"7":0,"8":0,"9":0,"10":0,"11":0,"12":0,"13":0,"14":0,"15":0,"16":0,"17":0,"18":0,"19":0,"20":0,"21":0,"22":0,"23":0,"24":0,"25":0,"26":0,"27":0,"28":0,"29":0,"30":0,"31":0,"32":0,"33":0,"34":0,"35":0,"36":0,"37":0,"38":0,"39":0,"40":0,"41":0,"42":0,"43":0,"44":0,"45":0,"46":0,"47":0,"48":0,"49":0,"50":0,"51":0,"52":0,"53":0,"54":0,"55":0,"56":0,"57":0,"58":0,"59":0,"60":0,"61":0,"62":0,"63":0,"64":0,"65":0,"66":0},"f":{"0":0,"1":0,"2":0,"3":0,"4":0,"5":0,"6":0,"7":0,"8":0,"9":0},"b":{"0":[0,0],"1":[0,0],"2":[0,0],"3":[0,0],"4":[0,0],"5":[0,0],"6":[0,0],"7":[0,0],"8":[0,0],"9":[0,0],"10":[0,0],"11":[0,0],"12":[0,0]},"_coverageSchema":"1a1c01bbd47fc00a2c39e90264f33305004495a9","hash":"03c918b93ffd06e8c0d888431fed91f5616dbbac"}
,"/Users/sebastianbarciazirilli/Documents/No Country/KAIPET/C8-G24-javareact/frontend/src/views/CategoriesComponents/Filters/Filters.jsx": {"path":"/Users/sebastianbarciazirilli/Documents/No Country/KAIPET/C8-G24-javareact/frontend/src/views/CategoriesComponents/Filters/Filters.jsx","statementMap":{"0":{"start":{"line":13,"column":16},"end":{"line":181,"column":1}},"1":{"start":{"line":15,"column":4},"end":{"line":15,"column":31}},"2":{"start":{"line":17,"column":17},"end":{"line":17,"column":30}},"3":{"start":{"line":18,"column":22},"end":{"line":18,"column":33}},"4":{"start":{"line":19,"column":26},"end":{"line":19,"column":38}},"5":{"start":{"line":21,"column":2},"end":{"line":23,"column":9}},"6":{"start":{"line":22,"column":4},"end":{"line":22,"column":23}},"7":{"start":{"line":25,"column":20},"end":{"line":25,"column":55}},"8":{"start":{"line":28,"column":4},"end":{"line":28,"column":46}},"9":{"start":{"line":31,"column":21},"end":{"line":31,"column":47}},"10":{"start":{"line":34,"column":4},"end":{"line":44,"column":5}},"11":{"start":{"line":35,"column":6},"end":{"line":35,"column":37}},"12":{"start":{"line":36,"column":11},"end":{"line":44,"column":5}},"13":{"start":{"line":37,"column":6},"end":{"line":37,"column":36}},"14":{"start":{"line":38,"column":11},"end":{"line":44,"column":5}},"15":{"start":{"line":39,"column":6},"end":{"line":39,"column":36}},"16":{"start":{"line":40,"column":11},"end":{"line":44,"column":5}},"17":{"start":{"line":41,"column":6},"end":{"line":41,"column":42}},"18":{"start":{"line":42,"column":11},"end":{"line":44,"column":5}},"19":{"start":{"line":43,"column":6},"end":{"line":43,"column":40}},"20":{"start":{"line":47,"column":20},"end":{"line":47,"column":66}},"21":{"start":{"line":47,"column":51},"end":{"line":47,"column":65}},"22":{"start":{"line":49,"column":2},"end":{"line":53,"column":3}},"23":{"start":{"line":49,"column":15},"end":{"line":49,"column":16}},"24":{"start":{"line":50,"column":26},"end":{"line":52,"column":6}},"25":{"start":{"line":51,"column":6},"end":{"line":51,"column":67}},"26":{"start":{"line":55,"column":48},"end":{"line":60,"column":3}},"27":{"start":{"line":57,"column":28},"end":{"line":57,"column":67}},"28":{"start":{"line":61,"column":42},"end":{"line":61,"column":54}},"29":{"start":{"line":63,"column":27},"end":{"line":81,"column":3}},"30":{"start":{"line":64,"column":4},"end":{"line":67,"column":7}},"31":{"start":{"line":69,"column":4},"end":{"line":80,"column":5}},"32":{"start":{"line":70,"column":21},"end":{"line":73,"column":7}},"33":{"start":{"line":72,"column":10},"end":{"line":72,"column":79}},"34":{"start":{"line":74,"column":6},"end":{"line":74,"column":52}},"35":{"start":{"line":76,"column":21},"end":{"line":78,"column":7}},"36":{"start":{"line":77,"column":18},"end":{"line":77,"column":56}},"37":{"start":{"line":79,"column":6},"end":{"line":79,"column":30}},"38":{"start":{"line":83,"column":2},"end":{"line":180,"column":4}},"39":{"start":{"line":157,"column":34},"end":{"line":157,"column":68}},"40":{"start":{"line":157,"column":63},"end":{"line":157,"column":67}},"41":{"start":{"line":159,"column":12},"end":{"line":159,"column":36}},"42":{"start":{"line":161,"column":12},"end":{"line":175,"column":14}}},"fnMap":{"0":{"name":"(anonymous_0)","decl":{"start":{"line":13,"column":16},"end":{"line":13,"column":17}},"loc":{"start":{"line":13,"column":30},"end":{"line":181,"column":1}},"line":13},"1":{"name":"(anonymous_1)","decl":{"start":{"line":21,"column":12},"end":{"line":21,"column":13}},"loc":{"start":{"line":21,"column":18},"end":{"line":23,"column":3}},"line":21},"2":{"name":"checkTypes","decl":{"start":{"line":27,"column":11},"end":{"line":27,"column":21}},"loc":{"start":{"line":27,"column":29},"end":{"line":29,"column":3}},"line":27},"3":{"name":"subCheckTypes","decl":{"start":{"line":33,"column":11},"end":{"line":33,"column":24}},"loc":{"start":{"line":33,"column":32},"end":{"line":45,"column":3}},"line":33},"4":{"name":"(anonymous_4)","decl":{"start":{"line":47,"column":41},"end":{"line":47,"column":42}},"loc":{"start":{"line":47,"column":51},"end":{"line":47,"column":65}},"line":47},"5":{"name":"(anonymous_5)","decl":{"start":{"line":50,"column":44},"end":{"line":50,"column":45}},"loc":{"start":{"line":50,"column":54},"end":{"line":52,"column":5}},"line":50},"6":{"name":"(anonymous_6)","decl":{"start":{"line":57,"column":6},"end":{"line":57,"column":7}},"loc":{"start":{"line":57,"column":28},"end":{"line":57,"column":67}},"line":57},"7":{"name":"(anonymous_7)","decl":{"start":{"line":63,"column":27},"end":{"line":63,"column":28}},"loc":{"start":{"line":63,"column":34},"end":{"line":81,"column":3}},"line":63},"8":{"name":"(anonymous_8)","decl":{"start":{"line":71,"column":8},"end":{"line":71,"column":9}},"loc":{"start":{"line":72,"column":10},"end":{"line":72,"column":79}},"line":72},"9":{"name":"(anonymous_9)","decl":{"start":{"line":77,"column":8},"end":{"line":77,"column":9}},"loc":{"start":{"line":77,"column":18},"end":{"line":77,"column":56}},"line":77},"10":{"name":"(anonymous_10)","decl":{"start":{"line":156,"column":28},"end":{"line":156,"column":29}},"loc":{"start":{"line":156,"column":38},"end":{"line":176,"column":11}},"line":156},"11":{"name":"(anonymous_11)","decl":{"start":{"line":157,"column":53},"end":{"line":157,"column":54}},"loc":{"start":{"line":157,"column":63},"end":{"line":157,"column":67}},"line":157}},"branchMap":{"0":{"loc":{"start":{"line":34,"column":4},"end":{"line":44,"column":5}},"type":"if","locations":[{"start":{"line":34,"column":4},"end":{"line":44,"column":5}},{"start":{"line":36,"column":11},"end":{"line":44,"column":5}}],"line":34},"1":{"loc":{"start":{"line":36,"column":11},"end":{"line":44,"column":5}},"type":"if","locations":[{"start":{"line":36,"column":11},"end":{"line":44,"column":5}},{"start":{"line":38,"column":11},"end":{"line":44,"column":5}}],"line":36},"2":{"loc":{"start":{"line":38,"column":11},"end":{"line":44,"column":5}},"type":"if","locations":[{"start":{"line":38,"column":11},"end":{"line":44,"column":5}},{"start":{"line":40,"column":11},"end":{"line":44,"column":5}}],"line":38},"3":{"loc":{"start":{"line":40,"column":11},"end":{"line":44,"column":5}},"type":"if","locations":[{"start":{"line":40,"column":11},"end":{"line":44,"column":5}},{"start":{"line":42,"column":11},"end":{"line":44,"column":5}}],"line":40},"4":{"loc":{"start":{"line":42,"column":11},"end":{"line":44,"column":5}},"type":"if","locations":[{"start":{"line":42,"column":11},"end":{"line":44,"column":5}},{"start":{},"end":{}}],"line":42},"5":{"loc":{"start":{"line":69,"column":4},"end":{"line":80,"column":5}},"type":"if","locations":[{"start":{"line":69,"column":4},"end":{"line":80,"column":5}},{"start":{"line":75,"column":11},"end":{"line":80,"column":5}}],"line":69},"6":{"loc":{"start":{"line":72,"column":10},"end":{"line":72,"column":79}},"type":"binary-expr","locations":[{"start":{"line":72,"column":10},"end":{"line":72,"column":47}},{"start":{"line":72,"column":51},"end":{"line":72,"column":79}}],"line":72}},"s":{"0":1,"1":3,"2":3,"3":3,"4":3,"5":3,"6":1,"7":3,"8":0,"9":3,"10":0,"11":0,"12":0,"13":0,"14":0,"15":0,"16":0,"17":0,"18":0,"19":0,"20":3,"21":0,"22":3,"23":3,"24":0,"25":0,"26":3,"27":0,"28":3,"29":3,"30":0,"31":0,"32":0,"33":0,"34":0,"35":0,"36":0,"37":0,"38":3,"39":0,"40":0,"41":0,"42":0},"f":{"0":3,"1":1,"2":0,"3":0,"4":0,"5":0,"6":0,"7":0,"8":0,"9":0,"10":0,"11":0},"b":{"0":[0,0],"1":[0,0],"2":[0,0],"3":[0,0],"4":[0,0],"5":[0,0],"6":[0,0]},"_coverageSchema":"1a1c01bbd47fc00a2c39e90264f33305004495a9","hash":"30f8f8276d82110b7e6da4fdfd6e6cea181dbe73"}
,"/Users/sebastianbarciazirilli/Documents/No Country/KAIPET/C8-G24-javareact/frontend/src/views/CheckBuyUser/CheckBuyuser.jsx": {"path":"/Users/sebastianbarciazirilli/Documents/No Country/KAIPET/C8-G24-javareact/frontend/src/views/CheckBuyUser/CheckBuyuser.jsx","statementMap":{"0":{"start":{"line":3,"column":21},"end":{"line":25,"column":1}},"1":{"start":{"line":4,"column":26},"end":{"line":4,"column":36}},"2":{"start":{"line":5,"column":26},"end":{"line":5,"column":38}},"3":{"start":{"line":7,"column":2},"end":{"line":10,"column":9}},"4":{"start":{"line":8,"column":27},"end":{"line":8,"column":76}},"5":{"start":{"line":9,"column":4},"end":{"line":9,"column":28}},"6":{"start":{"line":12,"column":2},"end":{"line":24,"column":4}}},"fnMap":{"0":{"name":"(anonymous_0)","decl":{"start":{"line":3,"column":21},"end":{"line":3,"column":22}},"loc":{"start":{"line":3,"column":27},"end":{"line":25,"column":1}},"line":3},"1":{"name":"(anonymous_1)","decl":{"start":{"line":7,"column":12},"end":{"line":7,"column":13}},"loc":{"start":{"line":7,"column":18},"end":{"line":10,"column":3}},"line":7}},"branchMap":{},"s":{"0":1,"1":0,"2":0,"3":0,"4":0,"5":0,"6":0},"f":{"0":0,"1":0},"b":{},"_coverageSchema":"1a1c01bbd47fc00a2c39e90264f33305004495a9","hash":"d166ff84456f88654eee04d0fcddb790df2fb2b2"}
,"/Users/sebastianbarciazirilli/Documents/No Country/KAIPET/C8-G24-javareact/frontend/src/views/CheckedShip/CheckedShip.jsx": {"path":"/Users/sebastianbarciazirilli/Documents/No Country/KAIPET/C8-G24-javareact/frontend/src/views/CheckedShip/CheckedShip.jsx","statementMap":{"0":{"start":{"line":11,"column":20},"end":{"line":45,"column":1}},"1":{"start":{"line":12,"column":23},"end":{"line":12,"column":50}},"2":{"start":{"line":13,"column":19},"end":{"line":13,"column":32}},"3":{"start":{"line":14,"column":19},"end":{"line":14,"column":32}},"4":{"start":{"line":15,"column":36},"end":{"line":15,"column":46}},"5":{"start":{"line":16,"column":16},"end":{"line":16,"column":43}},"6":{"start":{"line":19,"column":4},"end":{"line":19,"column":23}},"7":{"start":{"line":20,"column":4},"end":{"line":25,"column":7}},"8":{"start":{"line":27,"column":2},"end":{"line":44,"column":4}},"9":{"start":{"line":42,"column":179},"end":{"line":42,"column":208}}},"fnMap":{"0":{"name":"(anonymous_0)","decl":{"start":{"line":11,"column":20},"end":{"line":11,"column":21}},"loc":{"start":{"line":11,"column":26},"end":{"line":45,"column":1}},"line":11},"1":{"name":"payment","decl":{"start":{"line":18,"column":11},"end":{"line":18,"column":18}},"loc":{"start":{"line":18,"column":22},"end":{"line":26,"column":3}},"line":18},"2":{"name":"(anonymous_2)","decl":{"start":{"line":42,"column":173},"end":{"line":42,"column":174}},"loc":{"start":{"line":42,"column":179},"end":{"line":42,"column":208}},"line":42}},"branchMap":{},"s":{"0":1,"1":0,"2":0,"3":0,"4":0,"5":0,"6":0,"7":0,"8":0,"9":0},"f":{"0":0,"1":0,"2":0},"b":{},"_coverageSchema":"1a1c01bbd47fc00a2c39e90264f33305004495a9","hash":"83153ebe2bc5bd87da48e54d24853cadaeb76fce"}
,"/Users/sebastianbarciazirilli/Documents/No Country/KAIPET/C8-G24-javareact/frontend/src/views/Context/CardContext.jsx": {"path":"/Users/sebastianbarciazirilli/Documents/No Country/KAIPET/C8-G24-javareact/frontend/src/views/Context/CardContext.jsx","statementMap":{"0":{"start":{"line":7,"column":20},"end":{"line":7,"column":35}},"1":{"start":{"line":9,"column":21},"end":{"line":44,"column":1}},"2":{"start":{"line":10,"column":19},"end":{"line":10,"column":32}},"3":{"start":{"line":11,"column":38},"end":{"line":11,"column":48}},"4":{"start":{"line":12,"column":30},"end":{"line":36,"column":3}},"5":{"start":{"line":22,"column":4},"end":{"line":22,"column":45}},"6":{"start":{"line":24,"column":34},"end":{"line":34,"column":5}},"7":{"start":{"line":35,"column":4},"end":{"line":35,"column":41}},"8":{"start":{"line":38,"column":15},"end":{"line":41,"column":3}},"9":{"start":{"line":43,"column":2},"end":{"line":43,"column":78}}},"fnMap":{"0":{"name":"(anonymous_0)","decl":{"start":{"line":9,"column":21},"end":{"line":9,"column":22}},"loc":{"start":{"line":9,"column":39},"end":{"line":44,"column":1}},"line":9},"1":{"name":"(anonymous_1)","decl":{"start":{"line":12,"column":30},"end":{"line":12,"column":31}},"loc":{"start":{"line":21,"column":7},"end":{"line":36,"column":3}},"line":21}},"branchMap":{},"s":{"0":1,"1":1,"2":2,"3":2,"4":2,"5":0,"6":0,"7":0,"8":2,"9":2},"f":{"0":2,"1":0},"b":{},"_coverageSchema":"1a1c01bbd47fc00a2c39e90264f33305004495a9","hash":"260242eb37f3423d7621e928a16f293d9d80ead2"}
,"/Users/sebastianbarciazirilli/Documents/No Country/KAIPET/C8-G24-javareact/frontend/src/views/Context/CartContext.jsx": {"path":"/Users/sebastianbarciazirilli/Documents/No Country/KAIPET/C8-G24-javareact/frontend/src/views/Context/CartContext.jsx","statementMap":{"0":{"start":{"line":5,"column":20},"end":{"line":5,"column":35}},"1":{"start":{"line":7,"column":21},"end":{"line":74,"column":1}},"2":{"start":{"line":8,"column":26},"end":{"line":10,"column":3}},"3":{"start":{"line":11,"column":36},"end":{"line":11,"column":48}},"4":{"start":{"line":12,"column":36},"end":{"line":12,"column":48}},"5":{"start":{"line":13,"column":28},"end":{"line":13,"column":38}},"6":{"start":{"line":14,"column":44},"end":{"line":14,"column":54}},"7":{"start":{"line":15,"column":38},"end":{"line":15,"column":53}},"8":{"start":{"line":16,"column":36},"end":{"line":16,"column":46}},"9":{"start":{"line":17,"column":16},"end":{"line":17,"column":43}},"10":{"start":{"line":18,"column":19},"end":{"line":18,"column":32}},"11":{"start":{"line":19,"column":19},"end":{"line":19,"column":32}},"12":{"start":{"line":21,"column":15},"end":{"line":21,"column":32}},"13":{"start":{"line":23,"column":2},"end":{"line":27,"column":5}},"14":{"start":{"line":24,"column":4},"end":{"line":26,"column":5}},"15":{"start":{"line":25,"column":6},"end":{"line":25,"column":18}},"16":{"start":{"line":30,"column":4},"end":{"line":30,"column":34}},"17":{"start":{"line":31,"column":4},"end":{"line":31,"column":18}},"18":{"start":{"line":34,"column":23},"end":{"line":53,"column":3}},"19":{"start":{"line":36,"column":4},"end":{"line":36,"column":50}},"20":{"start":{"line":37,"column":24},"end":{"line":39,"column":5}},"21":{"start":{"line":38,"column":19},"end":{"line":38,"column":49}},"22":{"start":{"line":40,"column":4},"end":{"line":40,"column":25}},"23":{"start":{"line":41,"column":4},"end":{"line":41,"column":24}},"24":{"start":{"line":42,"column":4},"end":{"line":42,"column":67}},"25":{"start":{"line":44,"column":4},"end":{"line":52,"column":5}},"26":{"start":{"line":51,"column":6},"end":{"line":51,"column":42}},"27":{"start":{"line":55,"column":15},"end":{"line":72,"column":3}},"28":{"start":{"line":73,"column":2},"end":{"line":73,"column":78}}},"fnMap":{"0":{"name":"(anonymous_0)","decl":{"start":{"line":7,"column":21},"end":{"line":7,"column":22}},"loc":{"start":{"line":7,"column":39},"end":{"line":74,"column":1}},"line":7},"1":{"name":"(anonymous_1)","decl":{"start":{"line":23,"column":12},"end":{"line":23,"column":13}},"loc":{"start":{"line":23,"column":18},"end":{"line":27,"column":3}},"line":23},"2":{"name":"goToHome","decl":{"start":{"line":29,"column":11},"end":{"line":29,"column":19}},"loc":{"start":{"line":29,"column":22},"end":{"line":32,"column":3}},"line":29},"3":{"name":"(anonymous_3)","decl":{"start":{"line":34,"column":23},"end":{"line":34,"column":24}},"loc":{"start":{"line":34,"column":33},"end":{"line":53,"column":3}},"line":34},"4":{"name":"(anonymous_4)","decl":{"start":{"line":38,"column":6},"end":{"line":38,"column":7}},"loc":{"start":{"line":38,"column":19},"end":{"line":38,"column":49}},"line":38}},"branchMap":{"0":{"loc":{"start":{"line":24,"column":4},"end":{"line":26,"column":5}},"type":"if","locations":[{"start":{"line":24,"column":4},"end":{"line":26,"column":5}},{"start":{},"end":{}}],"line":24},"1":{"loc":{"start":{"line":44,"column":4},"end":{"line":52,"column":5}},"type":"if","locations":[{"start":{"line":44,"column":4},"end":{"line":52,"column":5}},{"start":{},"end":{}}],"line":44},"2":{"loc":{"start":{"line":45,"column":6},"end":{"line":49,"column":39}},"type":"binary-expr","locations":[{"start":{"line":45,"column":6},"end":{"line":45,"column":30}},{"start":{"line":46,"column":7},"end":{"line":46,"column":23}},{"start":{"line":47,"column":8},"end":{"line":47,"column":29}},{"start":{"line":48,"column":8},"end":{"line":48,"column":42}},{"start":{"line":49,"column":8},"end":{"line":49,"column":38}}],"line":45}},"s":{"0":1,"1":1,"2":4,"3":4,"4":4,"5":4,"6":4,"7":4,"8":4,"9":4,"10":4,"11":4,"12":4,"13":4,"14":4,"15":2,"16":0,"17":0,"18":4,"19":0,"20":0,"21":0,"22":0,"23":0,"24":0,"25":0,"26":0,"27":4,"28":4},"f":{"0":4,"1":4,"2":0,"3":0,"4":0},"b":{"0":[2,2],"1":[0,0],"2":[0,0,0,0,0]},"_coverageSchema":"1a1c01bbd47fc00a2c39e90264f33305004495a9","hash":"20142f1b2f164da78050ab94894ec5b81892462f"}
,"/Users/sebastianbarciazirilli/Documents/No Country/KAIPET/C8-G24-javareact/frontend/src/views/Context/LocationContext.jsx": {"path":"/Users/sebastianbarciazirilli/Documents/No Country/KAIPET/C8-G24-javareact/frontend/src/views/Context/LocationContext.jsx","statementMap":{"0":{"start":{"line":19,"column":24},"end":{"line":19,"column":39}},"1":{"start":{"line":21,"column":25},"end":{"line":153,"column":1}},"2":{"start":{"line":22,"column":17},"end":{"line":22,"column":30}},"3":{"start":{"line":23,"column":17},"end":{"line":23,"column":30}},"4":{"start":{"line":25,"column":2},"end":{"line":38,"column":9}},"5":{"start":{"line":27,"column":4},"end":{"line":27,"column":35}},"6":{"start":{"line":29,"column":4},"end":{"line":31,"column":37}},"7":{"start":{"line":34,"column":17},"end":{"line":34,"column":26}},"8":{"start":{"line":35,"column":4},"end":{"line":37,"column":7}},"9":{"start":{"line":36,"column":6},"end":{"line":36,"column":24}},"10":{"start":{"line":40,"column":34},"end":{"line":40,"column":44}},"11":{"start":{"line":41,"column":54},"end":{"line":41,"column":66}},"12":{"start":{"line":42,"column":50},"end":{"line":42,"column":62}},"13":{"start":{"line":43,"column":42},"end":{"line":43,"column":52}},"14":{"start":{"line":44,"column":34},"end":{"line":44,"column":44}},"15":{"start":{"line":45,"column":26},"end":{"line":45,"column":36}},"16":{"start":{"line":46,"column":38},"end":{"line":46,"column":48}},"17":{"start":{"line":48,"column":24},"end":{"line":48,"column":55}},"18":{"start":{"line":59,"column":28},"end":{"line":67,"column":3}},"19":{"start":{"line":60,"column":29},"end":{"line":60,"column":64}},"20":{"start":{"line":61,"column":26},"end":{"line":65,"column":6}},"21":{"start":{"line":62,"column":21},"end":{"line":62,"column":31}},"22":{"start":{"line":63,"column":6},"end":{"line":63,"column":27}},"23":{"start":{"line":64,"column":6},"end":{"line":64,"column":22}},"24":{"start":{"line":66,"column":4},"end":{"line":66,"column":25}},"25":{"start":{"line":69,"column":16},"end":{"line":85,"column":3}},"26":{"start":{"line":71,"column":4},"end":{"line":84,"column":5}},"27":{"start":{"line":72,"column":17},"end":{"line":72,"column":31}},"28":{"start":{"line":74,"column":21},"end":{"line":74,"column":44}},"29":{"start":{"line":75,"column":22},"end":{"line":75,"column":42}},"30":{"start":{"line":77,"column":25},"end":{"line":77,"column":52}},"31":{"start":{"line":79,"column":6},"end":{"line":79,"column":24}},"32":{"start":{"line":80,"column":6},"end":{"line":80,"column":32}},"33":{"start":{"line":82,"column":6},"end":{"line":82,"column":24}},"34":{"start":{"line":83,"column":6},"end":{"line":83,"column":24}},"35":{"start":{"line":89,"column":4},"end":{"line":89,"column":29}},"36":{"start":{"line":91,"column":4},"end":{"line":131,"column":5}},"37":{"start":{"line":93,"column":8},"end":{"line":95,"column":11}},"38":{"start":{"line":94,"column":10},"end":{"line":94,"column":37}},"39":{"start":{"line":96,"column":8},"end":{"line":96,"column":49}},"40":{"start":{"line":97,"column":8},"end":{"line":99,"column":9}},"41":{"start":{"line":98,"column":10},"end":{"line":98,"column":24}},"42":{"start":{"line":100,"column":8},"end":{"line":100,"column":14}},"43":{"start":{"line":102,"column":8},"end":{"line":104,"column":11}},"44":{"start":{"line":103,"column":10},"end":{"line":103,"column":37}},"45":{"start":{"line":105,"column":8},"end":{"line":105,"column":49}},"46":{"start":{"line":106,"column":8},"end":{"line":108,"column":9}},"47":{"start":{"line":107,"column":10},"end":{"line":107,"column":24}},"48":{"start":{"line":109,"column":8},"end":{"line":109,"column":14}},"49":{"start":{"line":111,"column":8},"end":{"line":113,"column":11}},"50":{"start":{"line":112,"column":10},"end":{"line":112,"column":37}},"51":{"start":{"line":114,"column":8},"end":{"line":114,"column":49}},"52":{"start":{"line":115,"column":8},"end":{"line":117,"column":9}},"53":{"start":{"line":116,"column":10},"end":{"line":116,"column":24}},"54":{"start":{"line":118,"column":8},"end":{"line":118,"column":14}},"55":{"start":{"line":120,"column":8},"end":{"line":122,"column":11}},"56":{"start":{"line":121,"column":10},"end":{"line":121,"column":37}},"57":{"start":{"line":123,"column":8},"end":{"line":123,"column":49}},"58":{"start":{"line":124,"column":8},"end":{"line":126,"column":9}},"59":{"start":{"line":125,"column":10},"end":{"line":125,"column":24}},"60":{"start":{"line":127,"column":8},"end":{"line":127,"column":14}},"61":{"start":{"line":130,"column":8},"end":{"line":130,"column":14}},"62":{"start":{"line":133,"column":15},"end":{"line":148,"column":3}},"63":{"start":{"line":150,"column":2},"end":{"line":152,"column":4}}},"fnMap":{"0":{"name":"(anonymous_0)","decl":{"start":{"line":21,"column":25},"end":{"line":21,"column":26}},"loc":{"start":{"line":21,"column":43},"end":{"line":153,"column":1}},"line":21},"1":{"name":"(anonymous_1)","decl":{"start":{"line":25,"column":12},"end":{"line":25,"column":13}},"loc":{"start":{"line":25,"column":18},"end":{"line":38,"column":3}},"line":25},"2":{"name":"(anonymous_2)","decl":{"start":{"line":35,"column":29},"end":{"line":35,"column":30}},"loc":{"start":{"line":35,"column":39},"end":{"line":37,"column":5}},"line":35},"3":{"name":"(anonymous_3)","decl":{"start":{"line":59,"column":28},"end":{"line":59,"column":29}},"loc":{"start":{"line":59,"column":44},"end":{"line":67,"column":3}},"line":59},"4":{"name":"(anonymous_4)","decl":{"start":{"line":61,"column":52},"end":{"line":61,"column":53}},"loc":{"start":{"line":61,"column":61},"end":{"line":65,"column":5}},"line":61},"5":{"name":"(anonymous_5)","decl":{"start":{"line":69,"column":16},"end":{"line":69,"column":17}},"loc":{"start":{"line":69,"column":33},"end":{"line":85,"column":3}},"line":69},"6":{"name":"countryChoose","decl":{"start":{"line":87,"column":11},"end":{"line":87,"column":24}},"loc":{"start":{"line":87,"column":34},"end":{"line":132,"column":3}},"line":87},"7":{"name":"(anonymous_7)","decl":{"start":{"line":93,"column":43},"end":{"line":93,"column":44}},"loc":{"start":{"line":93,"column":54},"end":{"line":95,"column":9}},"line":93},"8":{"name":"(anonymous_8)","decl":{"start":{"line":102,"column":43},"end":{"line":102,"column":44}},"loc":{"start":{"line":102,"column":54},"end":{"line":104,"column":9}},"line":102},"9":{"name":"(anonymous_9)","decl":{"start":{"line":111,"column":43},"end":{"line":111,"column":44}},"loc":{"start":{"line":111,"column":54},"end":{"line":113,"column":9}},"line":111},"10":{"name":"(anonymous_10)","decl":{"start":{"line":120,"column":43},"end":{"line":120,"column":44}},"loc":{"start":{"line":120,"column":54},"end":{"line":122,"column":9}},"line":120}},"branchMap":{"0":{"loc":{"start":{"line":29,"column":4},"end":{"line":31,"column":36}},"type":"cond-expr","locations":[{"start":{"line":30,"column":8},"end":{"line":30,"column":34}},{"start":{"line":31,"column":8},"end":{"line":31,"column":36}}],"line":29},"1":{"loc":{"start":{"line":71,"column":4},"end":{"line":84,"column":5}},"type":"if","locations":[{"start":{"line":71,"column":4},"end":{"line":84,"column":5}},{"start":{"line":81,"column":11},"end":{"line":84,"column":5}}],"line":71},"2":{"loc":{"start":{"line":91,"column":4},"end":{"line":131,"column":5}},"type":"switch","locations":[{"start":{"line":92,"column":6},"end":{"line":100,"column":14}},{"start":{"line":101,"column":6},"end":{"line":109,"column":14}},{"start":{"line":110,"column":6},"end":{"line":118,"column":14}},{"start":{"line":119,"column":6},"end":{"line":127,"column":14}},{"start":{"line":129,"column":6},"end":{"line":130,"column":14}}],"line":91},"3":{"loc":{"start":{"line":97,"column":8},"end":{"line":99,"column":9}},"type":"if","locations":[{"start":{"line":97,"column":8},"end":{"line":99,"column":9}},{"start":{},"end":{}}],"line":97},"4":{"loc":{"start":{"line":106,"column":8},"end":{"line":108,"column":9}},"type":"if","locations":[{"start":{"line":106,"column":8},"end":{"line":108,"column":9}},{"start":{},"end":{}}],"line":106},"5":{"loc":{"start":{"line":115,"column":8},"end":{"line":117,"column":9}},"type":"if","locations":[{"start":{"line":115,"column":8},"end":{"line":117,"column":9}},{"start":{},"end":{}}],"line":115},"6":{"loc":{"start":{"line":124,"column":8},"end":{"line":126,"column":9}},"type":"if","locations":[{"start":{"line":124,"column":8},"end":{"line":126,"column":9}},{"start":{},"end":{}}],"line":124}},"s":{"0":1,"1":1,"2":6,"3":6,"4":6,"5":2,"6":2,"7":2,"8":2,"9":2,"10":6,"11":6,"12":6,"13":6,"14":6,"15":6,"16":6,"17":6,"18":6,"19":2,"20":0,"21":0,"22":0,"23":0,"24":0,"25":6,"26":2,"27":0,"28":0,"29":0,"30":0,"31":0,"32":0,"33":2,"34":2,"35":2,"36":2,"37":0,"38":0,"39":0,"40":0,"41":0,"42":0,"43":2,"44":0,"45":2,"46":2,"47":0,"48":2,"49":0,"50":0,"51":0,"52":0,"53":0,"54":0,"55":0,"56":0,"57":0,"58":0,"59":0,"60":0,"61":0,"62":6,"63":6},"f":{"0":6,"1":2,"2":2,"3":2,"4":0,"5":2,"6":2,"7":0,"8":0,"9":0,"10":0},"b":{"0":[1,1],"1":[0,2],"2":[0,2,0,0,0],"3":[0,0],"4":[0,2],"5":[0,0],"6":[0,0]},"_coverageSchema":"1a1c01bbd47fc00a2c39e90264f33305004495a9","hash":"301d86b453dce6b859e2918fc8dc8a516c18f353"}
,"/Users/sebastianbarciazirilli/Documents/No Country/KAIPET/C8-G24-javareact/frontend/src/views/Context/SearchContext.jsx": {"path":"/Users/sebastianbarciazirilli/Documents/No Country/KAIPET/C8-G24-javareact/frontend/src/views/Context/SearchContext.jsx","statementMap":{"0":{"start":{"line":8,"column":22},"end":{"line":8,"column":37}},"1":{"start":{"line":10,"column":23},"end":{"line":47,"column":1}},"2":{"start":{"line":12,"column":41},"end":{"line":12,"column":68}},"3":{"start":{"line":14,"column":19},"end":{"line":14,"column":32}},"4":{"start":{"line":16,"column":32},"end":{"line":16,"column":44}},"5":{"start":{"line":17,"column":31},"end":{"line":17,"column":43}},"6":{"start":{"line":20,"column":25},"end":{"line":34,"column":5}},"7":{"start":{"line":22,"column":8},"end":{"line":22,"column":27}},"8":{"start":{"line":23,"column":8},"end":{"line":23,"column":34}},"9":{"start":{"line":26,"column":8},"end":{"line":26,"column":31}},"10":{"start":{"line":29,"column":29},"end":{"line":29,"column":43}},"11":{"start":{"line":31,"column":38},"end":{"line":31,"column":138}},"12":{"start":{"line":31,"column":72},"end":{"line":31,"column":137}},"13":{"start":{"line":32,"column":8},"end":{"line":32,"column":39}},"14":{"start":{"line":36,"column":17},"end":{"line":40,"column":5}},"15":{"start":{"line":42,"column":4},"end":{"line":46,"column":5}}},"fnMap":{"0":{"name":"(anonymous_0)","decl":{"start":{"line":10,"column":23},"end":{"line":10,"column":24}},"loc":{"start":{"line":10,"column":41},"end":{"line":47,"column":1}},"line":10},"1":{"name":"(anonymous_1)","decl":{"start":{"line":20,"column":25},"end":{"line":20,"column":26}},"loc":{"start":{"line":20,"column":31},"end":{"line":34,"column":5}},"line":20},"2":{"name":"(anonymous_2)","decl":{"start":{"line":31,"column":62},"end":{"line":31,"column":63}},"loc":{"start":{"line":31,"column":72},"end":{"line":31,"column":137}},"line":31}},"branchMap":{},"s":{"0":1,"1":1,"2":6,"3":6,"4":6,"5":6,"6":6,"7":0,"8":0,"9":0,"10":0,"11":0,"12":0,"13":0,"14":6,"15":6},"f":{"0":6,"1":0,"2":0},"b":{},"_coverageSchema":"1a1c01bbd47fc00a2c39e90264f33305004495a9","hash":"a8aac7179ad54d03db5b228fd56dfd9edeee7be8"}
,"/Users/sebastianbarciazirilli/Documents/No Country/KAIPET/C8-G24-javareact/frontend/src/views/Footer/Footer.jsx": {"path":"/Users/sebastianbarciazirilli/Documents/No Country/KAIPET/C8-G24-javareact/frontend/src/views/Footer/Footer.jsx","statementMap":{"0":{"start":{"line":5,"column":16},"end":{"line":37,"column":1}},"1":{"start":{"line":7,"column":22},"end":{"line":7,"column":46}},"2":{"start":{"line":9,"column":2},"end":{"line":36,"column":4}}},"fnMap":{"0":{"name":"(anonymous_0)","decl":{"start":{"line":5,"column":16},"end":{"line":5,"column":17}},"loc":{"start":{"line":5,"column":22},"end":{"line":37,"column":1}},"line":5}},"branchMap":{},"s":{"0":1,"1":2,"2":2},"f":{"0":2},"b":{},"_coverageSchema":"1a1c01bbd47fc00a2c39e90264f33305004495a9","hash":"b815dbf8f05772a93c45bcc876d286b3a7ae09b7"}
,"/Users/sebastianbarciazirilli/Documents/No Country/KAIPET/C8-G24-javareact/frontend/src/views/Icon/Icon.jsx": {"path":"/Users/sebastianbarciazirilli/Documents/No Country/KAIPET/C8-G24-javareact/frontend/src/views/Icon/Icon.jsx","statementMap":{"0":{"start":{"line":5,"column":13},"end":{"line":16,"column":1}},"1":{"start":{"line":6,"column":2},"end":{"line":15,"column":3}},"2":{"start":{"line":8,"column":6},"end":{"line":8,"column":101}},"3":{"start":{"line":10,"column":6},"end":{"line":10,"column":112}},"4":{"start":{"line":12,"column":6},"end":{"line":12,"column":99}},"5":{"start":{"line":14,"column":6},"end":{"line":14,"column":18}}},"fnMap":{"0":{"name":"(anonymous_0)","decl":{"start":{"line":5,"column":13},"end":{"line":5,"column":14}},"loc":{"start":{"line":5,"column":27},"end":{"line":16,"column":1}},"line":5}},"branchMap":{"0":{"loc":{"start":{"line":6,"column":2},"end":{"line":15,"column":3}},"type":"switch","locations":[{"start":{"line":7,"column":4},"end":{"line":8,"column":101}},{"start":{"line":9,"column":4},"end":{"line":10,"column":112}},{"start":{"line":11,"column":4},"end":{"line":12,"column":99}},{"start":{"line":13,"column":4},"end":{"line":14,"column":18}}],"line":6}},"s":{"0":1,"1":6,"2":0,"3":0,"4":6,"5":0},"f":{"0":6},"b":{"0":[0,0,6,0]},"_coverageSchema":"1a1c01bbd47fc00a2c39e90264f33305004495a9","hash":"f482e6eb19a375e0cb2372eff3004f4de183822f"}
,"/Users/sebastianbarciazirilli/Documents/No Country/KAIPET/C8-G24-javareact/frontend/src/views/Layout/Layout.jsx": {"path":"/Users/sebastianbarciazirilli/Documents/No Country/KAIPET/C8-G24-javareact/frontend/src/views/Layout/Layout.jsx","statementMap":{"0":{"start":{"line":3,"column":15},"end":{"line":9,"column":1}},"1":{"start":{"line":4,"column":2},"end":{"line":8,"column":4}}},"fnMap":{"0":{"name":"(anonymous_0)","decl":{"start":{"line":3,"column":15},"end":{"line":3,"column":16}},"loc":{"start":{"line":3,"column":33},"end":{"line":9,"column":1}},"line":3}},"branchMap":{},"s":{"0":3,"1":4},"f":{"0":4},"b":{},"_coverageSchema":"1a1c01bbd47fc00a2c39e90264f33305004495a9","hash":"07324f729e1946d7dc4caf1e6d752e0e740bd20c"}
,"/Users/sebastianbarciazirilli/Documents/No Country/KAIPET/C8-G24-javareact/frontend/src/views/Modal/Modal.jsx": {"path":"/Users/sebastianbarciazirilli/Documents/No Country/KAIPET/C8-G24-javareact/frontend/src/views/Modal/Modal.jsx","statementMap":{"0":{"start":{"line":5,"column":18},"end":{"line":29,"column":1}},"1":{"start":{"line":6,"column":2},"end":{"line":28,"column":4}}},"fnMap":{"0":{"name":"(anonymous_0)","decl":{"start":{"line":5,"column":18},"end":{"line":5,"column":19}},"loc":{"start":{"line":5,"column":77},"end":{"line":29,"column":1}},"line":5}},"branchMap":{},"s":{"0":1,"1":6},"f":{"0":6},"b":{},"_coverageSchema":"1a1c01bbd47fc00a2c39e90264f33305004495a9","hash":"ad5282aaa126d160f0573bae1be5842bee2dbf0a"}
,"/Users/sebastianbarciazirilli/Documents/No Country/KAIPET/C8-G24-javareact/frontend/src/views/Onboarding/Onboarding.jsx": {"path":"/Users/sebastianbarciazirilli/Documents/No Country/KAIPET/C8-G24-javareact/frontend/src/views/Onboarding/Onboarding.jsx","statementMap":{"0":{"start":{"line":3,"column":26},"end":{"line":22,"column":1}},"1":{"start":{"line":5,"column":2},"end":{"line":21,"column":3}}},"fnMap":{"0":{"name":"(anonymous_0)","decl":{"start":{"line":3,"column":26},"end":{"line":3,"column":27}},"loc":{"start":{"line":3,"column":32},"end":{"line":22,"column":1}},"line":3}},"branchMap":{},"s":{"0":1,"1":0},"f":{"0":0},"b":{},"_coverageSchema":"1a1c01bbd47fc00a2c39e90264f33305004495a9","hash":"bf7858e915704b01f1b190d689c2efb988001085"}
,"/Users/sebastianbarciazirilli/Documents/No Country/KAIPET/C8-G24-javareact/frontend/src/views/OrdersDataProfile/OrderDataProfile.jsx": {"path":"/Users/sebastianbarciazirilli/Documents/No Country/KAIPET/C8-G24-javareact/frontend/src/views/OrdersDataProfile/OrderDataProfile.jsx","statementMap":{"0":{"start":{"line":8,"column":25},"end":{"line":93,"column":1}},"1":{"start":{"line":10,"column":42},"end":{"line":10,"column":56}},"2":{"start":{"line":12,"column":2},"end":{"line":18,"column":19}},"3":{"start":{"line":13,"column":4},"end":{"line":17,"column":5}},"4":{"start":{"line":14,"column":6},"end":{"line":16,"column":17}},"5":{"start":{"line":15,"column":8},"end":{"line":15,"column":29}},"6":{"start":{"line":20,"column":23},"end":{"line":20,"column":52}},"7":{"start":{"line":21,"column":24},"end":{"line":30,"column":3}},"8":{"start":{"line":32,"column":20},"end":{"line":32,"column":71}},"9":{"start":{"line":38,"column":6},"end":{"line":38,"column":39}},"10":{"start":{"line":44,"column":6},"end":{"line":44,"column":40}},"11":{"start":{"line":46,"column":22},"end":{"line":46,"column":73}},"12":{"start":{"line":47,"column":23},"end":{"line":47,"column":77}},"13":{"start":{"line":49,"column":2},"end":{"line":92,"column":4}},"14":{"start":{"line":66,"column":191},"end":{"line":66,"column":213}}},"fnMap":{"0":{"name":"(anonymous_0)","decl":{"start":{"line":8,"column":25},"end":{"line":8,"column":26}},"loc":{"start":{"line":8,"column":39},"end":{"line":93,"column":1}},"line":8},"1":{"name":"(anonymous_1)","decl":{"start":{"line":12,"column":12},"end":{"line":12,"column":13}},"loc":{"start":{"line":12,"column":19},"end":{"line":18,"column":3}},"line":12},"2":{"name":"(anonymous_2)","decl":{"start":{"line":14,"column":17},"end":{"line":14,"column":18}},"loc":{"start":{"line":14,"column":23},"end":{"line":16,"column":7}},"line":14},"3":{"name":"(anonymous_3)","decl":{"start":{"line":66,"column":185},"end":{"line":66,"column":186}},"loc":{"start":{"line":66,"column":191},"end":{"line":66,"column":213}},"line":66}},"branchMap":{"0":{"loc":{"start":{"line":13,"column":4},"end":{"line":17,"column":5}},"type":"if","locations":[{"start":{"line":13,"column":4},"end":{"line":17,"column":5}},{"start":{},"end":{}}],"line":13},"1":{"loc":{"start":{"line":67,"column":16},"end":{"line":67,"column":115}},"type":"cond-expr","locations":[{"start":{"line":67,"column":32},"end":{"line":67,"column":71}},{"start":{"line":67,"column":74},"end":{"line":67,"column":115}}],"line":67}},"s":{"0":1,"1":0,"2":0,"3":0,"4":0,"5":0,"6":0,"7":0,"8":0,"9":0,"10":0,"11":0,"12":0,"13":0,"14":0},"f":{"0":0,"1":0,"2":0,"3":0},"b":{"0":[0,0],"1":[0,0]},"_coverageSchema":"1a1c01bbd47fc00a2c39e90264f33305004495a9","hash":"a64c396be6111bb809619814c899f7c805ab26a8"}
,"/Users/sebastianbarciazirilli/Documents/No Country/KAIPET/C8-G24-javareact/frontend/src/views/Pages/CartPage/CartPage.jsx": {"path":"/Users/sebastianbarciazirilli/Documents/No Country/KAIPET/C8-G24-javareact/frontend/src/views/Pages/CartPage/CartPage.jsx","statementMap":{"0":{"start":{"line":14,"column":24},"end":{"line":260,"column":1}},"1":{"start":{"line":16,"column":2},"end":{"line":20,"column":9}},"2":{"start":{"line":17,"column":4},"end":{"line":19,"column":12}},"3":{"start":{"line":18,"column":6},"end":{"line":18,"column":29}},"4":{"start":{"line":24,"column":4},"end":{"line":24,"column":27}},"5":{"start":{"line":25,"column":44},"end":{"line":25,"column":59}},"6":{"start":{"line":26,"column":38},"end":{"line":26,"column":48}},"7":{"start":{"line":27,"column":28},"end":{"line":27,"column":38}},"8":{"start":{"line":28,"column":32},"end":{"line":28,"column":42}},"9":{"start":{"line":29,"column":28},"end":{"line":32,"column":4}},"10":{"start":{"line":34,"column":36},"end":{"line":36,"column":4}},"11":{"start":{"line":38,"column":40},"end":{"line":42,"column":4}},"12":{"start":{"line":44,"column":42},"end":{"line":48,"column":4}},"13":{"start":{"line":50,"column":42},"end":{"line":50,"column":52}},"14":{"start":{"line":51,"column":38},"end":{"line":51,"column":48}},"15":{"start":{"line":53,"column":48},"end":{"line":53,"column":60}},"16":{"start":{"line":55,"column":15},"end":{"line":63,"column":3}},"17":{"start":{"line":66,"column":18},"end":{"line":66,"column":28}},"18":{"start":{"line":67,"column":19},"end":{"line":67,"column":34}},"19":{"start":{"line":68,"column":28},"end":{"line":68,"column":66}},"20":{"start":{"line":69,"column":20},"end":{"line":69,"column":52}},"21":{"start":{"line":71,"column":4},"end":{"line":87,"column":5}},"22":{"start":{"line":77,"column":6},"end":{"line":77,"column":23}},"23":{"start":{"line":79,"column":22},"end":{"line":85,"column":7}},"24":{"start":{"line":86,"column":6},"end":{"line":86,"column":69}},"25":{"start":{"line":90,"column":28},"end":{"line":130,"column":3}},"26":{"start":{"line":91,"column":4},"end":{"line":91,"column":22}},"27":{"start":{"line":92,"column":4},"end":{"line":92,"column":23}},"28":{"start":{"line":96,"column":19},"end":{"line":96,"column":48}},"29":{"start":{"line":98,"column":4},"end":{"line":102,"column":7}},"30":{"start":{"line":104,"column":26},"end":{"line":108,"column":14}},"31":{"start":{"line":109,"column":25},"end":{"line":109,"column":44}},"32":{"start":{"line":111,"column":4},"end":{"line":111,"column":34}},"33":{"start":{"line":115,"column":20},"end":{"line":115,"column":47}},"34":{"start":{"line":117,"column":4},"end":{"line":121,"column":7}},"35":{"start":{"line":123,"column":24},"end":{"line":127,"column":14}},"36":{"start":{"line":128,"column":23},"end":{"line":128,"column":40}},"37":{"start":{"line":129,"column":4},"end":{"line":129,"column":30}},"38":{"start":{"line":132,"column":27},"end":{"line":136,"column":3}},"39":{"start":{"line":133,"column":4},"end":{"line":133,"column":27}},"40":{"start":{"line":134,"column":4},"end":{"line":134,"column":22}},"41":{"start":{"line":135,"column":4},"end":{"line":135,"column":37}},"42":{"start":{"line":138,"column":28},"end":{"line":143,"column":3}},"43":{"start":{"line":139,"column":4},"end":{"line":139,"column":22}},"44":{"start":{"line":140,"column":18},"end":{"line":140,"column":50}},"45":{"start":{"line":141,"column":22},"end":{"line":141,"column":61}},"46":{"start":{"line":142,"column":4},"end":{"line":142,"column":29}},"47":{"start":{"line":145,"column":27},"end":{"line":150,"column":3}},"48":{"start":{"line":146,"column":4},"end":{"line":146,"column":23}},"49":{"start":{"line":147,"column":4},"end":{"line":149,"column":5}},"50":{"start":{"line":148,"column":6},"end":{"line":148,"column":26}},"51":{"start":{"line":152,"column":19},"end":{"line":152,"column":32}},"52":{"start":{"line":154,"column":21},"end":{"line":158,"column":3}},"53":{"start":{"line":155,"column":4},"end":{"line":157,"column":5}},"54":{"start":{"line":156,"column":6},"end":{"line":156,"column":29}},"55":{"start":{"line":161,"column":2},"end":{"line":259,"column":4}},"56":{"start":{"line":246,"column":132},"end":{"line":246,"column":142}},"57":{"start":{"line":251,"column":25},"end":{"line":251,"column":38}}},"fnMap":{"0":{"name":"(anonymous_0)","decl":{"start":{"line":14,"column":24},"end":{"line":14,"column":25}},"loc":{"start":{"line":14,"column":30},"end":{"line":260,"column":1}},"line":14},"1":{"name":"(anonymous_1)","decl":{"start":{"line":16,"column":12},"end":{"line":16,"column":13}},"loc":{"start":{"line":16,"column":18},"end":{"line":20,"column":3}},"line":16},"2":{"name":"(anonymous_2)","decl":{"start":{"line":17,"column":15},"end":{"line":17,"column":16}},"loc":{"start":{"line":17,"column":21},"end":{"line":19,"column":5}},"line":17},"3":{"name":"clickOn","decl":{"start":{"line":65,"column":11},"end":{"line":65,"column":18}},"loc":{"start":{"line":65,"column":21},"end":{"line":88,"column":3}},"line":65},"4":{"name":"(anonymous_4)","decl":{"start":{"line":90,"column":28},"end":{"line":90,"column":29}},"loc":{"start":{"line":90,"column":42},"end":{"line":130,"column":3}},"line":90},"5":{"name":"(anonymous_5)","decl":{"start":{"line":132,"column":27},"end":{"line":132,"column":28}},"loc":{"start":{"line":132,"column":38},"end":{"line":136,"column":3}},"line":132},"6":{"name":"(anonymous_6)","decl":{"start":{"line":138,"column":28},"end":{"line":138,"column":29}},"loc":{"start":{"line":138,"column":34},"end":{"line":143,"column":3}},"line":138},"7":{"name":"(anonymous_7)","decl":{"start":{"line":145,"column":27},"end":{"line":145,"column":28}},"loc":{"start":{"line":145,"column":34},"end":{"line":150,"column":3}},"line":145},"8":{"name":"(anonymous_8)","decl":{"start":{"line":154,"column":21},"end":{"line":154,"column":22}},"loc":{"start":{"line":154,"column":27},"end":{"line":158,"column":3}},"line":154},"9":{"name":"(anonymous_9)","decl":{"start":{"line":246,"column":128},"end":{"line":246,"column":129}},"loc":{"start":{"line":246,"column":132},"end":{"line":246,"column":142}},"line":246},"10":{"name":"(anonymous_10)","decl":{"start":{"line":251,"column":19},"end":{"line":251,"column":20}},"loc":{"start":{"line":251,"column":25},"end":{"line":251,"column":38}},"line":251}},"branchMap":{"0":{"loc":{"start":{"line":71,"column":4},"end":{"line":87,"column":5}},"type":"if","locations":[{"start":{"line":71,"column":4},"end":{"line":87,"column":5}},{"start":{},"end":{}}],"line":71},"1":{"loc":{"start":{"line":72,"column":6},"end":{"line":75,"column":27}},"type":"binary-expr","locations":[{"start":{"line":72,"column":6},"end":{"line":72,"column":27}},{"start":{"line":73,"column":6},"end":{"line":73,"column":32}},{"start":{"line":74,"column":6},"end":{"line":74,"column":30}},{"start":{"line":75,"column":6},"end":{"line":75,"column":27}}],"line":72},"2":{"loc":{"start":{"line":147,"column":4},"end":{"line":149,"column":5}},"type":"if","locations":[{"start":{"line":147,"column":4},"end":{"line":149,"column":5}},{"start":{},"end":{}}],"line":147},"3":{"loc":{"start":{"line":147,"column":8},"end":{"line":147,"column":57}},"type":"binary-expr","locations":[{"start":{"line":147,"column":8},"end":{"line":147,"column":29}},{"start":{"line":147,"column":33},"end":{"line":147,"column":57}}],"line":147},"4":{"loc":{"start":{"line":155,"column":4},"end":{"line":157,"column":5}},"type":"if","locations":[{"start":{"line":155,"column":4},"end":{"line":157,"column":5}},{"start":{},"end":{}}],"line":155},"5":{"loc":{"start":{"line":164,"column":7},"end":{"line":257,"column":7}},"type":"cond-expr","locations":[{"start":{"line":165,"column":8},"end":{"line":254,"column":9}},{"start":{"line":256,"column":8},"end":{"line":256,"column":28}}],"line":164},"6":{"loc":{"start":{"line":165,"column":8},"end":{"line":254,"column":9}},"type":"cond-expr","locations":[{"start":{"line":166,"column":10},"end":{"line":243,"column":16}},{"start":{"line":245,"column":10},"end":{"line":253,"column":14}}],"line":165},"7":{"loc":{"start":{"line":220,"column":19},"end":{"line":232,"column":19}},"type":"cond-expr","locations":[{"start":{"line":221,"column":20},"end":{"line":229,"column":26}},{"start":{"line":231,"column":20},"end":{"line":231,"column":54}}],"line":220}},"s":{"0":1,"1":0,"2":0,"3":0,"4":0,"5":0,"6":0,"7":0,"8":0,"9":0,"10":0,"11":0,"12":0,"13":0,"14":0,"15":0,"16":0,"17":0,"18":0,"19":0,"20":0,"21":0,"22":0,"23":0,"24":0,"25":0,"26":0,"27":0,"28":0,"29":0,"30":0,"31":0,"32":0,"33":0,"34":0,"35":0,"36":0,"37":0,"38":0,"39":0,"40":0,"41":0,"42":0,"43":0,"44":0,"45":0,"46":0,"47":0,"48":0,"49":0,"50":0,"51":0,"52":0,"53":0,"54":0,"55":0,"56":0,"57":0},"f":{"0":0,"1":0,"2":0,"3":0,"4":0,"5":0,"6":0,"7":0,"8":0,"9":0,"10":0},"b":{"0":[0,0],"1":[0,0,0,0],"2":[0,0],"3":[0,0],"4":[0,0],"5":[0,0],"6":[0,0],"7":[0,0]},"_coverageSchema":"1a1c01bbd47fc00a2c39e90264f33305004495a9","hash":"e4ce400f84df97b0c453b507abfd33f9310c8878"}
,"/Users/sebastianbarciazirilli/Documents/No Country/KAIPET/C8-G24-javareact/frontend/src/views/Pages/Categories/Products.jsx": {"path":"/Users/sebastianbarciazirilli/Documents/No Country/KAIPET/C8-G24-javareact/frontend/src/views/Pages/Categories/Products.jsx","statementMap":{"0":{"start":{"line":4,"column":2},"end":{"line":8,"column":4}}},"fnMap":{"0":{"name":"Products","decl":{"start":{"line":3,"column":9},"end":{"line":3,"column":17}},"loc":{"start":{"line":3,"column":28},"end":{"line":9,"column":1}},"line":3}},"branchMap":{},"s":{"0":1},"f":{"0":1},"b":{},"_coverageSchema":"1a1c01bbd47fc00a2c39e90264f33305004495a9","hash":"d78a17e771d9e3d5bbd7a986b2ce2318ef52887c"}
,"/Users/sebastianbarciazirilli/Documents/No Country/KAIPET/C8-G24-javareact/frontend/src/views/Pages/CheckoutForm/CheckoutForm.jsx": {"path":"/Users/sebastianbarciazirilli/Documents/No Country/KAIPET/C8-G24-javareact/frontend/src/views/Pages/CheckoutForm/CheckoutForm.jsx","statementMap":{"0":{"start":{"line":10,"column":21},"end":{"line":24,"column":1}},"1":{"start":{"line":11,"column":89},"end":{"line":11,"column":112}},"2":{"start":{"line":13,"column":2},"end":{"line":23,"column":4}},"3":{"start":{"line":21,"column":128},"end":{"line":21,"column":138}}},"fnMap":{"0":{"name":"(anonymous_0)","decl":{"start":{"line":10,"column":21},"end":{"line":10,"column":22}},"loc":{"start":{"line":10,"column":27},"end":{"line":24,"column":1}},"line":10},"1":{"name":"(anonymous_1)","decl":{"start":{"line":21,"column":124},"end":{"line":21,"column":125}},"loc":{"start":{"line":21,"column":128},"end":{"line":21,"column":138}},"line":21}},"branchMap":{},"s":{"0":1,"1":0,"2":0,"3":0},"f":{"0":0,"1":0},"b":{},"_coverageSchema":"1a1c01bbd47fc00a2c39e90264f33305004495a9","hash":"f7e0d6925cbc1070fb3228d2c8013812a93aae1b"}
,"/Users/sebastianbarciazirilli/Documents/No Country/KAIPET/C8-G24-javareact/frontend/src/views/Pages/CheckoutPayments/CheckoutPayments.jsx": {"path":"/Users/sebastianbarciazirilli/Documents/No Country/KAIPET/C8-G24-javareact/frontend/src/views/Pages/CheckoutPayments/CheckoutPayments.jsx","statementMap":{"0":{"start":{"line":9,"column":25},"end":{"line":27,"column":1}},"1":{"start":{"line":10,"column":89},"end":{"line":10,"column":112}},"2":{"start":{"line":12,"column":2},"end":{"line":26,"column":4}},"3":{"start":{"line":24,"column":128},"end":{"line":24,"column":138}}},"fnMap":{"0":{"name":"(anonymous_0)","decl":{"start":{"line":9,"column":25},"end":{"line":9,"column":26}},"loc":{"start":{"line":9,"column":31},"end":{"line":27,"column":1}},"line":9},"1":{"name":"(anonymous_1)","decl":{"start":{"line":24,"column":124},"end":{"line":24,"column":125}},"loc":{"start":{"line":24,"column":128},"end":{"line":24,"column":138}},"line":24}},"branchMap":{},"s":{"0":1,"1":0,"2":0,"3":0},"f":{"0":0,"1":0},"b":{},"_coverageSchema":"1a1c01bbd47fc00a2c39e90264f33305004495a9","hash":"77088a6738746b19c0d5d3850dde6c216518f337"}
,"/Users/sebastianbarciazirilli/Documents/No Country/KAIPET/C8-G24-javareact/frontend/src/views/Pages/FavouritesPage/FavouritesPage.jsx": {"path":"/Users/sebastianbarciazirilli/Documents/No Country/KAIPET/C8-G24-javareact/frontend/src/views/Pages/FavouritesPage/FavouritesPage.jsx","statementMap":{"0":{"start":{"line":11,"column":30},"end":{"line":19,"column":1}},"1":{"start":{"line":12,"column":13},"end":{"line":12,"column":27}},"2":{"start":{"line":13,"column":26},"end":{"line":13,"column":49}},"3":{"start":{"line":14,"column":25},"end":{"line":14,"column":49}},"4":{"start":{"line":15,"column":18},"end":{"line":15,"column":46}},"5":{"start":{"line":16,"column":19},"end":{"line":16,"column":33}},"6":{"start":{"line":18,"column":2},"end":{"line":18,"column":65}},"7":{"start":{"line":21,"column":23},"end":{"line":68,"column":1}},"8":{"start":{"line":22,"column":23},"end":{"line":22,"column":50}},"9":{"start":{"line":23,"column":42},"end":{"line":23,"column":54}},"10":{"start":{"line":24,"column":44},"end":{"line":24,"column":59}},"11":{"start":{"line":25,"column":43},"end":{"line":25,"column":58}},"12":{"start":{"line":27,"column":19},"end":{"line":27,"column":32}},"13":{"start":{"line":29,"column":2},"end":{"line":48,"column":17}},"14":{"start":{"line":30,"column":22},"end":{"line":40,"column":5}},"15":{"start":{"line":31,"column":6},"end":{"line":39,"column":7}},"16":{"start":{"line":32,"column":8},"end":{"line":36,"column":9}},"17":{"start":{"line":33,"column":31},"end":{"line":33,"column":79}},"18":{"start":{"line":34,"column":10},"end":{"line":34,"column":40}},"19":{"start":{"line":35,"column":10},"end":{"line":35,"column":52}},"20":{"start":{"line":38,"column":8},"end":{"line":38,"column":31}},"21":{"start":{"line":43,"column":22},"end":{"line":43,"column":48}},"22":{"start":{"line":46,"column":4},"end":{"line":46,"column":41}},"23":{"start":{"line":46,"column":17},"end":{"line":46,"column":40}},"24":{"start":{"line":50,"column":2},"end":{"line":67,"column":4}},"25":{"start":{"line":58,"column":147},"end":{"line":58,"column":160}}},"fnMap":{"0":{"name":"(anonymous_0)","decl":{"start":{"line":11,"column":30},"end":{"line":11,"column":31}},"loc":{"start":{"line":11,"column":68},"end":{"line":19,"column":1}},"line":11},"1":{"name":"(anonymous_1)","decl":{"start":{"line":21,"column":23},"end":{"line":21,"column":24}},"loc":{"start":{"line":21,"column":29},"end":{"line":68,"column":1}},"line":21},"2":{"name":"(anonymous_2)","decl":{"start":{"line":29,"column":12},"end":{"line":29,"column":13}},"loc":{"start":{"line":29,"column":18},"end":{"line":48,"column":3}},"line":29},"3":{"name":"(anonymous_3)","decl":{"start":{"line":30,"column":22},"end":{"line":30,"column":23}},"loc":{"start":{"line":30,"column":34},"end":{"line":40,"column":5}},"line":30},"4":{"name":"(anonymous_4)","decl":{"start":{"line":46,"column":11},"end":{"line":46,"column":12}},"loc":{"start":{"line":46,"column":17},"end":{"line":46,"column":40}},"line":46},"5":{"name":"(anonymous_5)","decl":{"start":{"line":58,"column":141},"end":{"line":58,"column":142}},"loc":{"start":{"line":58,"column":147},"end":{"line":58,"column":160}},"line":58}},"branchMap":{"0":{"loc":{"start":{"line":11,"column":41},"end":{"line":11,"column":63}},"type":"default-arg","locations":[{"start":{"line":11,"column":58},"end":{"line":11,"column":63}}],"line":11},"1":{"loc":{"start":{"line":18,"column":9},"end":{"line":18,"column":64}},"type":"cond-expr","locations":[{"start":{"line":18,"column":26},"end":{"line":18,"column":34}},{"start":{"line":18,"column":37},"end":{"line":18,"column":64}}],"line":18},"2":{"loc":{"start":{"line":18,"column":37},"end":{"line":18,"column":64}},"type":"binary-expr","locations":[{"start":{"line":18,"column":37},"end":{"line":18,"column":58}},{"start":{"line":18,"column":62},"end":{"line":18,"column":64}}],"line":18},"3":{"loc":{"start":{"line":32,"column":8},"end":{"line":36,"column":9}},"type":"if","locations":[{"start":{"line":32,"column":8},"end":{"line":36,"column":9}},{"start":{},"end":{}}],"line":32},"4":{"loc":{"start":{"line":53,"column":7},"end":{"line":65,"column":7}},"type":"cond-expr","locations":[{"start":{"line":54,"column":8},"end":{"line":62,"column":9}},{"start":{"line":64,"column":8},"end":{"line":64,"column":27}}],"line":53},"5":{"loc":{"start":{"line":54,"column":8},"end":{"line":62,"column":9}},"type":"cond-expr","locations":[{"start":{"line":55,"column":10},"end":{"line":59,"column":11}},{"start":{"line":61,"column":10},"end":{"line":61,"column":68}}],"line":54},"6":{"loc":{"start":{"line":55,"column":10},"end":{"line":59,"column":11}},"type":"cond-expr","locations":[{"start":{"line":56,"column":12},"end":{"line":56,"column":47}},{"start":{"line":58,"column":11},"end":{"line":58,"column":163}}],"line":55}},"s":{"0":1,"1":0,"2":0,"3":0,"4":0,"5":0,"6":0,"7":1,"8":0,"9":0,"10":0,"11":0,"12":0,"13":0,"14":0,"15":0,"16":0,"17":0,"18":0,"19":0,"20":0,"21":0,"22":0,"23":0,"24":0,"25":0},"f":{"0":0,"1":0,"2":0,"3":0,"4":0,"5":0},"b":{"0":[0],"1":[0,0],"2":[0,0],"3":[0,0],"4":[0,0],"5":[0,0],"6":[0,0]},"_coverageSchema":"1a1c01bbd47fc00a2c39e90264f33305004495a9","hash":"64dadab627cfbf6bd0068c2cd4b9a4b5df41c2ff"}
[...]
,"/Users/sebastianbarciazirilli/Documents/No Country/KAIPET/C8-G24-javareact/frontend/src/views/catalog/ProductCard.jsx": {"path":"/Users/sebastianbarciazirilli/Documents/No Country/KAIPET/C8-G24-javareact/frontend/src/views/catalog/ProductCard.jsx","statementMap":{"0":{"start":{"line":3,"column":20},"end":{"line":5,"column":1}},"1":{"start":{"line":4,"column":2},"end":{"line":4,"column":21}}},"fnMap":{"0":{"name":"(anonymous_0)","decl":{"start":{"line":3,"column":20},"end":{"line":3,"column":21}},"loc":{"start":{"line":3,"column":26},"end":{"line":5,"column":1}},"line":3}},"branchMap":{},"s":{"0":1,"1":0},"f":{"0":0},"b":{},"_coverageSchema":"1a1c01bbd47fc00a2c39e90264f33305004495a9","hash":"ef9531f5b1765540448d23fe172e391954f41865"}
,"/Users/sebastianbarciazirilli/Documents/No Country/KAIPET/C8-G24-javareact/frontend/src/views/helpers/helpers.js": {"path":"/Users/sebastianbarciazirilli/Documents/No Country/KAIPET/C8-G24-javareact/frontend/src/views/helpers/helpers.js","statementMap":{"0":{"start":{"line":5,"column":4},"end":{"line":14,"column":8}},"1":{"start":{"line":6,"column":7},"end":{"line":8,"column":8}},"2":{"start":{"line":7,"column":9},"end":{"line":7,"column":18}},"3":{"start":{"line":9,"column":7},"end":{"line":11,"column":8}},"4":{"start":{"line":10,"column":9},"end":{"line":10,"column":19}},"5":{"start":{"line":13,"column":7},"end":{"line":13,"column":16}},"6":{"start":{"line":18,"column":28},"end":{"line":20,"column":3}},"7":{"start":{"line":19,"column":14},"end":{"line":19,"column":41}},"8":{"start":{"line":21,"column":2},"end":{"line":21,"column":27}},"9":{"start":{"line":25,"column":32},"end":{"line":44,"column":1}},"10":{"start":{"line":26,"column":3},"end":{"line":43,"column":4}},"11":{"start":{"line":27,"column":5},"end":{"line":39,"column":6}},"12":{"start":{"line":29,"column":28},"end":{"line":29,"column":76}},"13":{"start":{"line":30,"column":9},"end":{"line":30,"column":78}},"14":{"start":{"line":31,"column":9},"end":{"line":31,"column":15}},"15":{"start":{"line":33,"column":10},"end":{"line":33,"column":86}},"16":{"start":{"line":34,"column":10},"end":{"line":34,"column":30}},"17":{"start":{"line":35,"column":10},"end":{"line":35,"column":47}},"18":{"start":{"line":36,"column":10},"end":{"line":36,"column":16}},"19":{"start":{"line":38,"column":9},"end":{"line":38,"column":15}},"20":{"start":{"line":40,"column":5},"end":{"line":40,"column":41}},"21":{"start":{"line":42,"column":4},"end":{"line":42,"column":40}},"22":{"start":{"line":47,"column":33},"end":{"line":57,"column":1}},"23":{"start":{"line":48,"column":13},"end":{"line":48,"column":27}},"24":{"start":{"line":49,"column":26},"end":{"line":49,"column":49}},"25":{"start":{"line":50,"column":25},"end":{"line":50,"column":49}},"26":{"start":{"line":51,"column":18},"end":{"line":51,"column":46}},"27":{"start":{"line":52,"column":19},"end":{"line":52,"column":33}},"28":{"start":{"line":54,"column":2},"end":{"line":56,"column":3}},"29":{"start":{"line":55,"column":4},"end":{"line":55,"column":71}},"30":{"start":{"line":61,"column":1},"end":{"line":63,"column":2}},"31":{"start":{"line":62,"column":2},"end":{"line":62,"column":112}},"32":{"start":{"line":62,"column":31},"end":{"line":62,"column":101}},"33":{"start":{"line":66,"column":24},"end":{"line":68,"column":2}},"34":{"start":{"line":67,"column":2},"end":{"line":67,"column":26}},"35":{"start":{"line":72,"column":16},"end":{"line":74,"column":7}},"36":{"start":{"line":73,"column":4},"end":{"line":73,"column":68}},"37":{"start":{"line":75,"column":2},"end":{"line":75,"column":15}},"38":{"start":{"line":79,"column":2},"end":{"line":79,"column":54}},"39":{"start":{"line":83,"column":28},"end":{"line":83,"column":64}},"40":{"start":{"line":84,"column":34},"end":{"line":84,"column":91}},"41":{"start":{"line":85,"column":2},"end":{"line":85,"column":67}}},"fnMap":{"0":{"name":"commerce","decl":{"start":{"line":3,"column":9},"end":{"line":3,"column":17}},"loc":{"start":{"line":3,"column":25},"end":{"line":15,"column":1}},"line":3},"1":{"name":"(anonymous_1)","decl":{"start":{"line":5,"column":14},"end":{"line":5,"column":15}},"loc":{"start":{"line":5,"column":30},"end":{"line":14,"column":6}},"line":5},"2":{"name":"countriesSelected","decl":{"start":{"line":17,"column":16},"end":{"line":17,"column":33}},"loc":{"start":{"line":17,"column":62},"end":{"line":22,"column":1}},"line":17},"3":{"name":"(anonymous_3)","decl":{"start":{"line":19,"column":4},"end":{"line":19,"column":5}},"loc":{"start":{"line":19,"column":14},"end":{"line":19,"column":41}},"line":19},"4":{"name":"(anonymous_4)","decl":{"start":{"line":25,"column":32},"end":{"line":25,"column":33}},"loc":{"start":{"line":25,"column":56},"end":{"line":44,"column":1}},"line":25},"5":{"name":"(anonymous_5)","decl":{"start":{"line":47,"column":33},"end":{"line":47,"column":34}},"loc":{"start":{"line":47,"column":88},"end":{"line":57,"column":1}},"line":47},"6":{"name":"notRepeatItems","decl":{"start":{"line":60,"column":16},"end":{"line":60,"column":30}},"loc":{"start":{"line":60,"column":64},"end":{"line":64,"column":1}},"line":60},"7":{"name":"(anonymous_7)","decl":{"start":{"line":61,"column":20},"end":{"line":61,"column":21}},"loc":{"start":{"line":62,"column":2},"end":{"line":62,"column":112}},"line":62},"8":{"name":"(anonymous_8)","decl":{"start":{"line":62,"column":18},"end":{"line":62,"column":19}},"loc":{"start":{"line":62,"column":31},"end":{"line":62,"column":101}},"line":62},"9":{"name":"(anonymous_9)","decl":{"start":{"line":66,"column":24},"end":{"line":66,"column":25}},"loc":{"start":{"line":66,"column":47},"end":{"line":68,"column":2}},"line":66},"10":{"name":"calculateTotal","decl":{"start":{"line":71,"column":16},"end":{"line":71,"column":30}},"loc":{"start":{"line":71,"column":46},"end":{"line":76,"column":1}},"line":71},"11":{"name":"(anonymous_11)","decl":{"start":{"line":72,"column":37},"end":{"line":72,"column":38}},"loc":{"start":{"line":72,"column":63},"end":{"line":74,"column":3}},"line":72},"12":{"name":"translateDateToSpanish","decl":{"start":{"line":78,"column":16},"end":{"line":78,"column":38}},"loc":{"start":{"line":78,"column":56},"end":{"line":80,"column":2}},"line":78},"13":{"name":"dateShipping","decl":{"start":{"line":82,"column":17},"end":{"line":82,"column":29}},"loc":{"start":{"line":82,"column":65},"end":{"line":86,"column":2}},"line":82}},"branchMap":{"0":{"loc":{"start":{"line":6,"column":7},"end":{"line":8,"column":8}},"type":"if","locations":[{"start":{"line":6,"column":7},"end":{"line":8,"column":8}},{"start":{},"end":{}}],"line":6},"1":{"loc":{"start":{"line":9,"column":7},"end":{"line":11,"column":8}},"type":"if","locations":[{"start":{"line":9,"column":7},"end":{"line":11,"column":8}},{"start":{},"end":{}}],"line":9},"2":{"loc":{"start":{"line":26,"column":3},"end":{"line":43,"column":4}},"type":"if","locations":[{"start":{"line":26,"column":3},"end":{"line":43,"column":4}},{"start":{"line":41,"column":10},"end":{"line":43,"column":4}}],"line":26},"3":{"loc":{"start":{"line":27,"column":5},"end":{"line":39,"column":6}},"type":"switch","locations":[{"start":{"line":28,"column":7},"end":{"line":31,"column":15}},{"start":{"line":32,"column":8},"end":{"line":36,"column":16}},{"start":{"line":37,"column":6},"end":{"line":38,"column":15}}],"line":27},"4":{"loc":{"start":{"line":47,"column":61},"end":{"line":47,"column":83}},"type":"default-arg","locations":[{"start":{"line":47,"column":78},"end":{"line":47,"column":83}}],"line":47},"5":{"loc":{"start":{"line":54,"column":2},"end":{"line":56,"column":3}},"type":"if","locations":[{"start":{"line":54,"column":2},"end":{"line":56,"column":3}},{"start":{},"end":{}}],"line":54},"6":{"loc":{"start":{"line":55,"column":20},"end":{"line":55,"column":69}},"type":"cond-expr","locations":[{"start":{"line":55,"column":37},"end":{"line":55,"column":45}},{"start":{"line":55,"column":48},"end":{"line":55,"column":69}}],"line":55}},"s":{"0":0,"1":0,"2":0,"3":0,"4":0,"5":0,"6":10,"7":40,"8":10,"9":1,"10":0,"11":0,"12":0,"13":0,"14":0,"15":0,"16":0,"17":0,"18":0,"19":0,"20":0,"21":0,"22":1,"23":0,"24":0,"25":0,"26":0,"27":0,"28":0,"29":0,"30":0,"31":0,"32":0,"33":1,"34":0,"35":0,"36":0,"37":0,"38":0,"39":0,"40":0,"41":0},"f":{"0":0,"1":0,"2":10,"3":40,"4":0,"5":0,"6":0,"7":0,"8":0,"9":0,"10":0,"11":0,"12":0,"13":0},"b":{"0":[0,0],"1":[0,0],"2":[0,0],"3":[0,0,0],"4":[0],"5":[0,0],"6":[0,0]},"_coverageSchema":"1a1c01bbd47fc00a2c39e90264f33305004495a9","hash":"fb692128f22974f435c8df4e8478ff7b21ded406"}
,"/Users/sebastianbarciazirilli/Documents/No Country/KAIPET/C8-G24-javareact/frontend/src/views/navBar/DropdownButton.jsx": {"path":"/Users/sebastianbarciazirilli/Documents/No Country/KAIPET/C8-G24-javareact/frontend/src/views/navBar/DropdownButton.jsx","statementMap":{"0":{"start":{"line":3,"column":23},"end":{"line":20,"column":1}},"1":{"start":{"line":4,"column":2},"end":{"line":19,"column":4}},"2":{"start":{"line":9,"column":10},"end":{"line":15,"column":17}}},"fnMap":{"0":{"name":"(anonymous_0)","decl":{"start":{"line":3,"column":23},"end":{"line":3,"column":24}},"loc":{"start":{"line":3,"column":54},"end":{"line":20,"column":1}},"line":3},"1":{"name":"(anonymous_1)","decl":{"start":{"line":8,"column":22},"end":{"line":8,"column":23}},"loc":{"start":{"line":9,"column":10},"end":{"line":15,"column":17}},"line":9}},"branchMap":{},"s":{"0":1,"1":5,"2":17},"f":{"0":5,"1":17},"b":{},"_coverageSchema":"1a1c01bbd47fc00a2c39e90264f33305004495a9","hash":"2e8121f5369156e0ca25ea4e17a299a89e556fc3"}
,"/Users/sebastianbarciazirilli/Documents/No Country/KAIPET/C8-G24-javareact/frontend/src/views/navBar/NavBar.jsx": {"path":"/Users/sebastianbarciazirilli/Documents/No Country/KAIPET/C8-G24-javareact/frontend/src/views/navBar/NavBar.jsx","statementMap":{"0":{"start":{"line":3,"column":20},"end":{"line":9,"column":1}},"1":{"start":{"line":10,"column":15},"end":{"line":10,"column":50}},"2":{"start":{"line":11,"column":19},"end":{"line":11,"column":67}},"3":{"start":{"line":12,"column":17},"end":{"line":12,"column":43}},"4":{"start":{"line":14,"column":15},"end":{"line":53,"column":1}},"5":{"start":{"line":15,"column":2},"end":{"line":52,"column":4}},"6":{"start":{"line":19,"column":21},"end":{"line":19,"column":52}},"7":{"start":{"line":20,"column":8},"end":{"line":20,"column":40}},"8":{"start":{"line":21,"column":25},"end":{"line":21,"column":57}},"9":{"start":{"line":22,"column":8},"end":{"line":22,"column":44}},"10":{"start":{"line":23,"column":20},"end":{"line":23,"column":51}},"11":{"start":{"line":24,"column":8},"end":{"line":24,"column":39}}},"fnMap":{"0":{"name":"(anonymous_0)","decl":{"start":{"line":14,"column":15},"end":{"line":14,"column":16}},"loc":{"start":{"line":14,"column":21},"end":{"line":53,"column":1}},"line":14},"1":{"name":"(anonymous_1)","decl":{"start":{"line":18,"column":15},"end":{"line":18,"column":16}},"loc":{"start":{"line":18,"column":21},"end":{"line":25,"column":7}},"line":18}},"branchMap":{},"s":{"0":1,"1":1,"2":1,"3":1,"4":1,"5":1,"6":0,"7":0,"8":0,"9":0,"10":0,"11":0},"f":{"0":1,"1":0},"b":{},"_coverageSchema":"1a1c01bbd47fc00a2c39e90264f33305004495a9","hash":"bc69d8588c0f22b659e76caf89351388aa6fa5a7"}
,"/Users/sebastianbarciazirilli/Documents/No Country/KAIPET/C8-G24-javareact/frontend/src/views/paymentsSets/PaymentsSets.jsx": {"path":"/Users/sebastianbarciazirilli/Documents/No Country/KAIPET/C8-G24-javareact/frontend/src/views/paymentsSets/PaymentsSets.jsx","statementMap":{"0":{"start":{"line":25,"column":21},"end":{"line":226,"column":1}},"1":{"start":{"line":26,"column":23},"end":{"line":26,"column":50}},"2":{"start":{"line":27,"column":19},"end":{"line":27,"column":32}},"3":{"start":{"line":28,"column":19},"end":{"line":28,"column":32}},"4":{"start":{"line":29,"column":36},"end":{"line":29,"column":46}},"5":{"start":{"line":30,"column":16},"end":{"line":30,"column":43}},"6":{"start":{"line":32,"column":38},"end":{"line":38,"column":4}},"7":{"start":{"line":40,"column":27},"end":{"line":43,"column":3}},"8":{"start":{"line":41,"column":4},"end":{"line":41,"column":23}},"9":{"start":{"line":42,"column":4},"end":{"line":42,"column":70}},"10":{"start":{"line":45,"column":24},"end":{"line":99,"column":3}},"11":{"start":{"line":46,"column":26},"end":{"line":46,"column":71}},"12":{"start":{"line":47,"column":24},"end":{"line":47,"column":73}},"13":{"start":{"line":48,"column":24},"end":{"line":48,"column":73}},"14":{"start":{"line":49,"column":27},"end":{"line":49,"column":29}},"15":{"start":{"line":50,"column":18},"end":{"line":50,"column":28}},"16":{"start":{"line":51,"column":20},"end":{"line":51,"column":38}},"17":{"start":{"line":53,"column":18},"end":{"line":60,"column":5}},"18":{"start":{"line":63,"column":19},"end":{"line":63,"column":64}},"19":{"start":{"line":65,"column":20},"end":{"line":65,"column":29}},"20":{"start":{"line":68,"column":23},"end":{"line":68,"column":44}},"21":{"start":{"line":70,"column":23},"end":{"line":70,"column":53}},"22":{"start":{"line":73,"column":20},"end":{"line":73,"column":44}},"23":{"start":{"line":76,"column":4},"end":{"line":98,"column":5}},"24":{"start":{"line":78,"column":26},"end":{"line":78,"column":58}},"25":{"start":{"line":79,"column":6},"end":{"line":79,"column":35}},"26":{"start":{"line":82,"column":6},"end":{"line":88,"column":11}},"27":{"start":{"line":84,"column":10},"end":{"line":84,"column":65}},"28":{"start":{"line":87,"column":10},"end":{"line":87,"column":77}},"29":{"start":{"line":91,"column":6},"end":{"line":97,"column":11}},"30":{"start":{"line":93,"column":10},"end":{"line":93,"column":65}},"31":{"start":{"line":96,"column":10},"end":{"line":96,"column":77}},"32":{"start":{"line":102,"column":4},"end":{"line":102,"column":23}},"33":{"start":{"line":103,"column":4},"end":{"line":121,"column":5}},"34":{"start":{"line":110,"column":6},"end":{"line":110,"column":22}},"35":{"start":{"line":112,"column":6},"end":{"line":120,"column":9}},"36":{"start":{"line":123,"column":2},"end":{"line":225,"column":4}},"37":{"start":{"line":146,"column":14},"end":{"line":148,"column":15}},"38":{"start":{"line":147,"column":16},"end":{"line":147,"column":36}},"39":{"start":{"line":185,"column":16},"end":{"line":187,"column":17}},"40":{"start":{"line":186,"column":18},"end":{"line":186,"column":38}},"41":{"start":{"line":199,"column":16},"end":{"line":201,"column":17}},"42":{"start":{"line":200,"column":18},"end":{"line":200,"column":38}},"43":{"start":{"line":221,"column":33},"end":{"line":221,"column":62}}},"fnMap":{"0":{"name":"(anonymous_0)","decl":{"start":{"line":25,"column":21},"end":{"line":25,"column":22}},"loc":{"start":{"line":25,"column":44},"end":{"line":226,"column":1}},"line":25},"1":{"name":"(anonymous_1)","decl":{"start":{"line":40,"column":27},"end":{"line":40,"column":28}},"loc":{"start":{"line":40,"column":34},"end":{"line":43,"column":3}},"line":40},"2":{"name":"(anonymous_2)","decl":{"start":{"line":45,"column":24},"end":{"line":45,"column":25}},"loc":{"start":{"line":45,"column":36},"end":{"line":99,"column":3}},"line":45},"3":{"name":"(anonymous_3)","decl":{"start":{"line":83,"column":14},"end":{"line":83,"column":15}},"loc":{"start":{"line":83,"column":20},"end":{"line":85,"column":9}},"line":83},"4":{"name":"(anonymous_4)","decl":{"start":{"line":86,"column":15},"end":{"line":86,"column":16}},"loc":{"start":{"line":86,"column":26},"end":{"line":88,"column":9}},"line":86},"5":{"name":"(anonymous_5)","decl":{"start":{"line":92,"column":14},"end":{"line":92,"column":15}},"loc":{"start":{"line":92,"column":20},"end":{"line":94,"column":9}},"line":92},"6":{"name":"(anonymous_6)","decl":{"start":{"line":95,"column":15},"end":{"line":95,"column":16}},"loc":{"start":{"line":95,"column":26},"end":{"line":97,"column":9}},"line":95},"7":{"name":"checkPayments","decl":{"start":{"line":101,"column":11},"end":{"line":101,"column":24}},"loc":{"start":{"line":101,"column":28},"end":{"line":122,"column":3}},"line":101},"8":{"name":"(anonymous_8)","decl":{"start":{"line":145,"column":22},"end":{"line":145,"column":23}},"loc":{"start":{"line":145,"column":29},"end":{"line":149,"column":13}},"line":145},"9":{"name":"(anonymous_9)","decl":{"start":{"line":184,"column":24},"end":{"line":184,"column":25}},"loc":{"start":{"line":184,"column":31},"end":{"line":188,"column":15}},"line":184},"10":{"name":"(anonymous_10)","decl":{"start":{"line":198,"column":24},"end":{"line":198,"column":25}},"loc":{"start":{"line":198,"column":31},"end":{"line":202,"column":15}},"line":198},"11":{"name":"(anonymous_11)","decl":{"start":{"line":221,"column":27},"end":{"line":221,"column":28}},"loc":{"start":{"line":221,"column":33},"end":{"line":221,"column":62}},"line":221}},"branchMap":{"0":{"loc":{"start":{"line":76,"column":4},"end":{"line":98,"column":5}},"type":"if","locations":[{"start":{"line":76,"column":4},"end":{"line":98,"column":5}},{"start":{"line":89,"column":11},"end":{"line":98,"column":5}}],"line":76},"1":{"loc":{"start":{"line":78,"column":26},"end":{"line":78,"column":58}},"type":"binary-expr","locations":[{"start":{"line":78,"column":26},"end":{"line":78,"column":52}},{"start":{"line":78,"column":56},"end":{"line":78,"column":58}}],"line":78},"2":{"loc":{"start":{"line":103,"column":4},"end":{"line":121,"column":5}},"type":"if","locations":[{"start":{"line":103,"column":4},"end":{"line":121,"column":5}},{"start":{},"end":{}}],"line":103},"3":{"loc":{"start":{"line":104,"column":6},"end":{"line":108,"column":36}},"type":"binary-expr","locations":[{"start":{"line":104,"column":6},"end":{"line":104,"column":32}},{"start":{"line":105,"column":6},"end":{"line":105,"column":32}},{"start":{"line":106,"column":6},"end":{"line":106,"column":33}},{"start":{"line":107,"column":6},"end":{"line":107,"column":29}},{"start":{"line":108,"column":6},"end":{"line":108,"column":36}}],"line":104},"4":{"loc":{"start":{"line":146,"column":14},"end":{"line":148,"column":15}},"type":"if","locations":[{"start":{"line":146,"column":14},"end":{"line":148,"column":15}},{"start":{},"end":{}}],"line":146},"5":{"loc":{"start":{"line":185,"column":16},"end":{"line":187,"column":17}},"type":"if","locations":[{"start":{"line":185,"column":16},"end":{"line":187,"column":17}},{"start":{},"end":{}}],"line":185},"6":{"loc":{"start":{"line":199,"column":16},"end":{"line":201,"column":17}},"type":"if","locations":[{"start":{"line":199,"column":16},"end":{"line":201,"column":17}},{"start":{},"end":{}}],"line":199}},"s":{"0":1,"1":0,"2":0,"3":0,"4":0,"5":0,"6":0,"7":0,"8":0,"9":0,"10":0,"11":0,"12":0,"13":0,"14":0,"15":0,"16":0,"17":0,"18":0,"19":0,"20":0,"21":0,"22":0,"23":0,"24":0,"25":0,"26":0,"27":0,"28":0,"29":0,"30":0,"31":0,"32":0,"33":0,"34":0,"35":0,"36":0,"37":0,"38":0,"39":0,"40":0,"41":0,"42":0,"43":0},"f":{"0":0,"1":0,"2":0,"3":0,"4":0,"5":0,"6":0,"7":0,"8":0,"9":0,"10":0,"11":0},"b":{"0":[0,0],"1":[0,0],"2":[0,0],"3":[0,0,0,0,0],"4":[0,0],"5":[0,0],"6":[0,0]},"_coverageSchema":"1a1c01bbd47fc00a2c39e90264f33305004495a9","hash":"8d83b7a5a5f3c854c2c086b0da3581af2f3cb46b"}
,"/Users/sebastianbarciazirilli/Documents/No Country/KAIPET/C8-G24-javareact/frontend/src/views/reducers/shoppingReducer.js": {"path":"/Users/sebastianbarciazirilli/Documents/No Country/KAIPET/C8-G24-javareact/frontend/src/views/reducers/shoppingReducer.js","statementMap":{},"fnMap":{},"branchMap":{},"s":{},"f":{},"b":{}}
}
